Base path: C:/Program Files/Unity/Editor/Data
Pipe name: \\.\pipe\UnityShaderCompiler-64bit-2-6976
Cmd: getPlatforms
Cmd: compileSnippet
  api=1 type=0 insize=982 outsize=842 kw=DIRECTIONAL SHADOWS_OFF LIGHTMAP_OFF DIRLIGHTMAP_OFF DYNAMICLIGHTMAP_OFF pd= ok=1
Cmd: compileSnippet
  api=0 type=0 insize=982 outsize=10586 kw=DIRECTIONAL SHADOWS_SCREEN LIGHTMAP_OFF DIRLIGHTMAP_OFF DYNAMICLIGHTMAP_OFF pd= ok=1
Cmd: compileSnippet
  api=1 type=0 insize=982 outsize=1336 kw=DIRECTIONAL SHADOWS_OFF LIGHTMAP_OFF DIRLIGHTMAP_OFF DYNAMICLIGHTMAP_OFF VERTEXLIGHT_ON pd= ok=1
Cmd: compileSnippet
  api=0 type=0 insize=982 outsize=11844 kw=DIRECTIONAL SHADOWS_SCREEN LIGHTMAP_OFF DIRLIGHTMAP_OFF DYNAMICLIGHTMAP_OFF VERTEXLIGHT_ON pd= ok=1
Cmd: compileSnippet
  api=1 type=0 insize=982 outsize=842 kw=DIRECTIONAL SHADOWS_OFF LIGHTMAP_OFF DIRLIGHTMAP_OFF DYNAMICLIGHTMAP_OFF _ALPHABLEND_ON pd= ok=1
Cmd: compileSnippet
  api=0 type=0 insize=982 outsize=10697 kw=DIRECTIONAL SHADOWS_SCREEN LIGHTMAP_OFF DIRLIGHTMAP_OFF DYNAMICLIGHTMAP_OFF _ALPHABLEND_ON pd= ok=1
Cmd: compileSnippet
  api=1 type=0 insize=982 outsize=1336 kw=DIRECTIONAL SHADOWS_OFF LIGHTMAP_OFF DIRLIGHTMAP_OFF DYNAMICLIGHTMAP_OFF VERTEXLIGHT_ON _ALPHABLEND_ON pd= ok=1
Cmd: compileSnippet
  api=4 type=0 insize=982 outsize=5393 kw=DIRECTIONAL SHADOWS_OFF LIGHTMAP_OFF DIRLIGHTMAP_OFF DYNAMICLIGHTMAP_OFF VERTEXLIGHT_ON _ALPHABLEND_ON pd= ok=1
Cmd: compileSnippet
  api=0 type=0 insize=982 outsize=11955 kw=DIRECTIONAL SHADOWS_SCREEN LIGHTMAP_OFF DIRLIGHTMAP_OFF DYNAMICLIGHTMAP_OFF VERTEXLIGHT_ON _ALPHABLEND_ON pd= ok=1
Cmd: compileSnippet
  api=1 type=1 insize=982 outsize=3738 kw=DIRECTIONAL SHADOWS_OFF LIGHTMAP_OFF DIRLIGHTMAP_OFF DYNAMICLIGHTMAP_OFF pd= ok=1
Cmd: compileSnippet
  api=1 type=1 insize=982 outsize=3744 kw=DIRECTIONAL SHADOWS_OFF LIGHTMAP_OFF DIRLIGHTMAP_OFF DYNAMICLIGHTMAP_OFF _ALPHABLEND_ON pd= ok=1
Cmd: compileSnippet
  api=4 type=1 insize=982 outsize=10951 kw=DIRECTIONAL SHADOWS_SCREEN LIGHTMAP_OFF DIRLIGHTMAP_OFF DYNAMICLIGHTMAP_OFF _ALPHABLEND_ON pd= ok=1
Cmd: compileSnippet
  api=1 type=0 insize=938 outsize=923 kw=POINT SHADOWS_OFF pd= ok=1
Cmd: compileSnippet
  api=4 type=0 insize=938 outsize=4792 kw=POINT SHADOWS_OFF pd= ok=1
Cmd: compileSnippet
  api=0 type=0 insize=938 outsize=5777 kw=DIRECTIONAL SHADOWS_OFF pd= ok=1
Cmd: compileSnippet
  api=1 type=0 insize=938 outsize=937 kw=SPOT SHADOWS_OFF pd= ok=1
Cmd: compileSnippet
  api=4 type=0 insize=938 outsize=4792 kw=SPOT SHADOWS_OFF pd= ok=1
Cmd: compileSnippet
  api=0 type=0 insize=938 outsize=6219 kw=POINT_COOKIE SHADOWS_OFF pd= ok=1
Cmd: compileSnippet
  api=1 type=0 insize=938 outsize=904 kw=DIRECTIONAL_COOKIE SHADOWS_OFF pd= ok=1
Cmd: compileSnippet
  api=4 type=0 insize=938 outsize=4792 kw=DIRECTIONAL_COOKIE SHADOWS_OFF pd= ok=1
Cmd: compileSnippet
  api=0 type=0 insize=938 outsize=6681 kw=SPOT SHADOWS_DEPTH SHADOWS_NATIVE pd= ok=1
Cmd: compileSnippet
  api=1 type=0 insize=938 outsize=999 kw=DIRECTIONAL SHADOWS_SCREEN pd= ok=1
Cmd: compileSnippet
  api=4 type=0 insize=938 outsize=4459 kw=DIRECTIONAL SHADOWS_SCREEN pd= ok=1
Cmd: compileSnippet
  api=0 type=0 insize=938 outsize=6479 kw=DIRECTIONAL_COOKIE SHADOWS_SCREEN pd= ok=1
Cmd: compileSnippet
  api=1 type=0 insize=938 outsize=965 kw=POINT SHADOWS_CUBE pd= ok=1
Cmd: compileSnippet
  api=4 type=0 insize=938 outsize=4938 kw=POINT SHADOWS_CUBE pd= ok=1
Cmd: compileSnippet
  api=0 type=0 insize=938 outsize=7030 kw=POINT_COOKIE SHADOWS_CUBE pd= ok=1
Cmd: compileSnippet
  api=1 type=0 insize=938 outsize=1027 kw=SPOT SHADOWS_DEPTH SHADOWS_SOFT SHADOWS_NATIVE pd= ok=1
Cmd: compileSnippet
  api=4 type=0 insize=938 outsize=5206 kw=SPOT SHADOWS_DEPTH SHADOWS_SOFT SHADOWS_NATIVE pd= ok=1
Cmd: compileSnippet
  api=0 type=0 insize=938 outsize=7835 kw=POINT SHADOWS_CUBE SHADOWS_SOFT pd= ok=1
Cmd: compileSnippet
  api=1 type=0 insize=938 outsize=965 kw=POINT_COOKIE SHADOWS_CUBE SHADOWS_SOFT pd= ok=1
Cmd: compileSnippet
  api=4 type=0 insize=938 outsize=4938 kw=POINT_COOKIE SHADOWS_CUBE SHADOWS_SOFT pd= ok=1
Cmd: compileSnippet
  api=0 type=0 insize=938 outsize=6197 kw=POINT SHADOWS_OFF _ALPHABLEND_ON pd= ok=1
Cmd: compileSnippet
  api=1 type=0 insize=938 outsize=830 kw=DIRECTIONAL SHADOWS_OFF _ALPHABLEND_ON pd= ok=1
Cmd: compileSnippet
  api=0 type=0 insize=938 outsize=6367 kw=SPOT SHADOWS_OFF _ALPHABLEND_ON pd= ok=1
Cmd: compileSnippet
  api=0 type=0 insize=938 outsize=6285 kw=POINT_COOKIE SHADOWS_OFF _ALPHABLEND_ON pd= ok=1
Cmd: compileSnippet
  api=1 type=0 insize=938 outsize=904 kw=DIRECTIONAL_COOKIE SHADOWS_OFF _ALPHABLEND_ON pd= ok=1
Cmd: compileSnippet
  api=4 type=0 insize=938 outsize=4792 kw=DIRECTIONAL_COOKIE SHADOWS_OFF _ALPHABLEND_ON pd= ok=1
Cmd: compileSnippet
  api=0 type=0 insize=938 outsize=6747 kw=SPOT SHADOWS_DEPTH SHADOWS_NATIVE _ALPHABLEND_ON pd= ok=1
Cmd: compileSnippet
  api=1 type=0 insize=938 outsize=999 kw=DIRECTIONAL SHADOWS_SCREEN _ALPHABLEND_ON pd= ok=1
Cmd: compileSnippet
  api=4 type=0 insize=938 outsize=4459 kw=DIRECTIONAL SHADOWS_SCREEN _ALPHABLEND_ON pd= ok=1
Cmd: compileSnippet
  api=0 type=0 insize=938 outsize=6543 kw=DIRECTIONAL_COOKIE SHADOWS_SCREEN _ALPHABLEND_ON pd= ok=1
Cmd: compileSnippet
  api=1 type=0 insize=938 outsize=965 kw=POINT SHADOWS_CUBE _ALPHABLEND_ON pd= ok=1
Cmd: compileSnippet
  api=4 type=0 insize=938 outsize=4938 kw=POINT SHADOWS_CUBE _ALPHABLEND_ON pd= ok=1
Cmd: compileSnippet
  api=0 type=0 insize=938 outsize=7137 kw=POINT_COOKIE SHADOWS_CUBE _ALPHABLEND_ON pd= ok=1
Cmd: compileSnippet
  api=1 type=0 insize=938 outsize=1027 kw=SPOT SHADOWS_DEPTH SHADOWS_SOFT SHADOWS_NATIVE _ALPHABLEND_ON pd= ok=1
Cmd: compileSnippet
  api=4 type=0 insize=938 outsize=5206 kw=SPOT SHADOWS_DEPTH SHADOWS_SOFT SHADOWS_NATIVE _ALPHABLEND_ON pd= ok=1
Cmd: compileSnippet
  api=0 type=0 insize=938 outsize=7948 kw=POINT SHADOWS_CUBE SHADOWS_SOFT _ALPHABLEND_ON pd= ok=1
Cmd: compileSnippet
  api=1 type=0 insize=938 outsize=965 kw=POINT_COOKIE SHADOWS_CUBE SHADOWS_SOFT _ALPHABLEND_ON pd= ok=1
Cmd: compileSnippet
  api=4 type=0 insize=938 outsize=4938 kw=POINT_COOKIE SHADOWS_CUBE SHADOWS_SOFT _ALPHABLEND_ON pd= ok=1
Cmd: compileSnippet
  api=1 type=1 insize=938 outsize=2142 kw=POINT SHADOWS_OFF pd= ok=1
Cmd: compileSnippet
  api=0 type=1 insize=938 outsize=6 kw=SPOT SHADOWS_OFF pd= ok=1
Cmd: compileSnippet
  api=1 type=1 insize=938 outsize=2271 kw=SPOT SHADOWS_OFF pd= ok=1
Cmd: compileSnippet
  api=0 type=1 insize=938 outsize=6 kw=POINT_COOKIE SHADOWS_OFF pd= ok=1
Cmd: compileSnippet
  api=1 type=1 insize=938 outsize=2192 kw=POINT_COOKIE SHADOWS_OFF pd= ok=1
Cmd: compileSnippet
  api=0 type=1 insize=938 outsize=6 kw=DIRECTIONAL_COOKIE SHADOWS_OFF pd= ok=1
Cmd: compileSnippet
  api=1 type=1 insize=938 outsize=2139 kw=DIRECTIONAL_COOKIE SHADOWS_OFF pd= ok=1
Cmd: compileSnippet
  api=0 type=1 insize=938 outsize=6 kw=SPOT SHADOWS_DEPTH SHADOWS_NATIVE pd= ok=1
Cmd: compileSnippet
  api=1 type=1 insize=938 outsize=2370 kw=SPOT SHADOWS_DEPTH SHADOWS_NATIVE pd= ok=1
Cmd: compileSnippet
  api=0 type=1 insize=938 outsize=6 kw=DIRECTIONAL SHADOWS_SCREEN pd= ok=1
Cmd: compileSnippet
  api=1 type=1 insize=938 outsize=2137 kw=DIRECTIONAL SHADOWS_SCREEN pd= ok=1
Cmd: compileSnippet
  api=0 type=1 insize=938 outsize=6 kw=DIRECTIONAL_COOKIE SHADOWS_SCREEN pd= ok=1
Cmd: compileSnippet
  api=1 type=1 insize=938 outsize=2208 kw=DIRECTIONAL_COOKIE SHADOWS_SCREEN pd= ok=1
Cmd: compileSnippet
  api=4 type=1 insize=938 outsize=6644 kw=POINT SHADOWS_CUBE pd= ok=1
Cmd: compileSnippet
  api=0 type=1 insize=938 outsize=6 kw=POINT_COOKIE SHADOWS_CUBE pd= ok=1
Cmd: compileSnippet
  api=4 type=1 insize=938 outsize=6904 kw=POINT_COOKIE SHADOWS_CUBE pd= ok=1
Cmd: compileSnippet
  api=0 type=1 insize=938 outsize=6 kw=SPOT SHADOWS_DEPTH SHADOWS_SOFT SHADOWS_NATIVE pd= ok=1
Cmd: compileSnippet
  api=1 type=1 insize=938 outsize=2646 kw=SPOT SHADOWS_DEPTH SHADOWS_SOFT SHADOWS_NATIVE pd= ok=1
Cmd: compileSnippet
  api=4 type=1 insize=938 outsize=7489 kw=POINT SHADOWS_CUBE SHADOWS_SOFT pd= ok=1
Cmd: compileSnippet
  api=4 type=1 insize=938 outsize=7676 kw=POINT_COOKIE SHADOWS_CUBE SHADOWS_SOFT pd= ok=1
Cmd: compileSnippet
  api=4 type=1 insize=938 outsize=5986 kw=POINT SHADOWS_OFF _ALPHABLEND_ON pd= ok=1
Cmd: compileSnippet
  api=0 type=1 insize=938 outsize=6 kw=SPOT SHADOWS_OFF _ALPHABLEND_ON pd= ok=1
Cmd: compileSnippet
  api=1 type=1 insize=938 outsize=2262 kw=SPOT SHADOWS_OFF _ALPHABLEND_ON pd= ok=1
Cmd: compileSnippet
  api=0 type=1 insize=938 outsize=6 kw=POINT_COOKIE SHADOWS_OFF _ALPHABLEND_ON pd= ok=1
Cmd: compileSnippet
  api=1 type=1 insize=938 outsize=2193 kw=POINT_COOKIE SHADOWS_OFF _ALPHABLEND_ON pd= ok=1
Cmd: compileSnippet
  api=0 type=1 insize=938 outsize=6 kw=DIRECTIONAL_COOKIE SHADOWS_OFF _ALPHABLEND_ON pd= ok=1
Cmd: compileSnippet
  api=1 type=1 insize=938 outsize=2135 kw=DIRECTIONAL_COOKIE SHADOWS_OFF _ALPHABLEND_ON pd= ok=1
Cmd: compileSnippet
  api=0 type=1 insize=938 outsize=6 kw=SPOT SHADOWS_DEPTH SHADOWS_NATIVE _ALPHABLEND_ON pd= ok=1
Cmd: compileSnippet
  api=1 type=1 insize=938 outsize=2396 kw=SPOT SHADOWS_DEPTH SHADOWS_NATIVE _ALPHABLEND_ON pd= ok=1
Cmd: compileSnippet
  api=0 type=1 insize=938 outsize=6 kw=DIRECTIONAL SHADOWS_SCREEN _ALPHABLEND_ON pd= ok=1
Cmd: compileSnippet
  api=1 type=1 insize=938 outsize=2133 kw=DIRECTIONAL SHADOWS_SCREEN _ALPHABLEND_ON pd= ok=1
Cmd: compileSnippet
  api=0 type=1 insize=938 outsize=6 kw=DIRECTIONAL_COOKIE SHADOWS_SCREEN _ALPHABLEND_ON pd= ok=1
Cmd: compileSnippet
  api=1 type=1 insize=938 outsize=2204 kw=DIRECTIONAL_COOKIE SHADOWS_SCREEN _ALPHABLEND_ON pd= ok=1
Cmd: compileSnippet
  api=4 type=1 insize=938 outsize=6669 kw=POINT SHADOWS_CUBE _ALPHABLEND_ON pd= ok=1
Cmd: compileSnippet
  api=0 type=1 insize=938 outsize=6 kw=POINT_COOKIE SHADOWS_CUBE _ALPHABLEND_ON pd= ok=1
Cmd: compileSnippet
  api=4 type=1 insize=938 outsize=6929 kw=POINT_COOKIE SHADOWS_CUBE _ALPHABLEND_ON pd= ok=1
Cmd: compileSnippet
  api=0 type=1 insize=938 outsize=6 kw=SPOT SHADOWS_DEPTH SHADOWS_SOFT SHADOWS_NATIVE _ALPHABLEND_ON pd= ok=1
Cmd: compileSnippet
  api=1 type=1 insize=938 outsize=2661 kw=SPOT SHADOWS_DEPTH SHADOWS_SOFT SHADOWS_NATIVE _ALPHABLEND_ON pd= ok=1
Cmd: compileSnippet
  api=4 type=1 insize=938 outsize=7514 kw=POINT SHADOWS_CUBE SHADOWS_SOFT _ALPHABLEND_ON pd= ok=1
Cmd: compileSnippet
  api=0 type=1 insize=938 outsize=6 kw=POINT_COOKIE SHADOWS_CUBE SHADOWS_SOFT _ALPHABLEND_ON pd= ok=1
Cmd: compileSnippet
  api=1 type=1 insize=938 outsize=2669 kw=POINT_COOKIE SHADOWS_CUBE SHADOWS_SOFT _ALPHABLEND_ON pd= ok=1
Cmd: compileSnippet
  api=1 type=0 insize=751 outsize=814 kw=SHADOWS_DEPTH pd= ok=1
Cmd: compileSnippet
  api=0 type=0 insize=751 outsize=487 kw=SHADOWS_CUBE pd= ok=1
Cmd: compileSnippet
  api=0 type=0 insize=751 outsize=2382 kw=SHADOWS_DEPTH _ALPHABLEND_ON pd= ok=1
Cmd: compileSnippet
  api=1 type=0 insize=751 outsize=262 kw=SHADOWS_CUBE _ALPHABLEND_ON pd= ok=1
Cmd: compileSnippet
  api=4 type=0 insize=751 outsize=1639 kw=SHADOWS_CUBE _ALPHABLEND_ON pd= ok=1
Cmd: compileSnippet
  api=1 type=1 insize=751 outsize=65 kw=SHADOWS_DEPTH pd= ok=1
Cmd: compileSnippet
  api=4 type=1 insize=751 outsize=624 kw=SHADOWS_CUBE pd= ok=1
Cmd: compileSnippet
  api=0 type=1 insize=751 outsize=6 kw=SHADOWS_CUBE _ALPHABLEND_ON pd= ok=1
Cmd: compileSnippet
  api=1 type=1 insize=751 outsize=331 kw=SHADOWS_CUBE _ALPHABLEND_ON pd= ok=1
Cmd: compileSnippet
  api=1 type=0 insize=1152 outsize=842 kw=LIGHTMAP_OFF DIRLIGHTMAP_OFF DYNAMICLIGHTMAP_OFF pd= ok=1
Cmd: compileSnippet
  api=4 type=0 insize=1152 outsize=3979 kw=LIGHTMAP_OFF DIRLIGHTMAP_OFF DYNAMICLIGHTMAP_OFF pd= ok=1
Cmd: compileSnippet
  api=0 type=0 insize=1152 outsize=4215 kw=LIGHTMAP_OFF DIRLIGHTMAP_OFF DYNAMICLIGHTMAP_OFF _ALPHABLEND_ON pd= ok=1
Cmd: compileSnippet
  api=0 type=0 insize=1152 outsize=5246 kw=LIGHTMAP_OFF DIRLIGHTMAP_COMBINED DYNAMICLIGHTMAP_OFF pd= ok=1
Cmd: compileSnippet
  api=1 type=0 insize=1152 outsize=1073 kw=LIGHTMAP_OFF DIRLIGHTMAP_COMBINED DYNAMICLIGHTMAP_OFF _ALPHABLEND_ON pd= ok=1
Cmd: compileSnippet
  api=4 type=0 insize=1152 outsize=4703 kw=LIGHTMAP_OFF DIRLIGHTMAP_COMBINED DYNAMICLIGHTMAP_OFF _ALPHABLEND_ON pd= ok=1
Cmd: compileSnippet
  api=0 type=0 insize=1152 outsize=5246 kw=LIGHTMAP_OFF DIRLIGHTMAP_SEPARATE DYNAMICLIGHTMAP_OFF pd= ok=1
Cmd: compileSnippet
  api=1 type=0 insize=1152 outsize=1073 kw=LIGHTMAP_OFF DIRLIGHTMAP_SEPARATE DYNAMICLIGHTMAP_OFF _ALPHABLEND_ON pd= ok=1
Cmd: compileSnippet
  api=4 type=0 insize=1152 outsize=4703 kw=LIGHTMAP_OFF DIRLIGHTMAP_SEPARATE DYNAMICLIGHTMAP_OFF _ALPHABLEND_ON pd= ok=1
Cmd: compileSnippet
  api=1 type=0 insize=1152 outsize=842 kw=LIGHTMAP_OFF DIRLIGHTMAP_OFF DYNAMICLIGHTMAP_OFF UNITY_HDR_ON pd= ok=1
Cmd: compileSnippet
  api=4 type=0 insize=1152 outsize=3979 kw=LIGHTMAP_OFF DIRLIGHTMAP_OFF DYNAMICLIGHTMAP_OFF UNITY_HDR_ON pd= ok=1
Cmd: compileSnippet
  api=0 type=0 insize=1152 outsize=4206 kw=LIGHTMAP_OFF DIRLIGHTMAP_OFF DYNAMICLIGHTMAP_OFF UNITY_HDR_ON _ALPHABLEND_ON pd= ok=1
Cmd: compileSnippet
  api=1 type=0 insize=1152 outsize=1073 kw=LIGHTMAP_OFF DIRLIGHTMAP_COMBINED DYNAMICLIGHTMAP_OFF UNITY_HDR_ON pd= ok=1
Cmd: compileSnippet
  api=4 type=0 insize=1152 outsize=4703 kw=LIGHTMAP_OFF DIRLIGHTMAP_COMBINED DYNAMICLIGHTMAP_OFF UNITY_HDR_ON pd= ok=1
Cmd: compileSnippet
  api=0 type=0 insize=1152 outsize=5237 kw=LIGHTMAP_OFF DIRLIGHTMAP_COMBINED DYNAMICLIGHTMAP_OFF UNITY_HDR_ON _ALPHABLEND_ON pd= ok=1
Cmd: compileSnippet
  api=1 type=0 insize=1152 outsize=1073 kw=LIGHTMAP_OFF DIRLIGHTMAP_SEPARATE DYNAMICLIGHTMAP_OFF UNITY_HDR_ON pd= ok=1
Cmd: compileSnippet
  api=4 type=0 insize=1152 outsize=4703 kw=LIGHTMAP_OFF DIRLIGHTMAP_SEPARATE DYNAMICLIGHTMAP_OFF UNITY_HDR_ON pd= ok=1
Cmd: compileSnippet
  api=0 type=0 insize=1152 outsize=5237 kw=LIGHTMAP_OFF DIRLIGHTMAP_SEPARATE DYNAMICLIGHTMAP_OFF UNITY_HDR_ON _ALPHABLEND_ON pd= ok=1
Cmd: compileSnippet
  api=1 type=1 insize=1152 outsize=677 kw=LIGHTMAP_OFF DIRLIGHTMAP_OFF DYNAMICLIGHTMAP_OFF pd= ok=1
Cmd: compileSnippet
  api=0 type=1 insize=1152 outsize=6 kw=LIGHTMAP_OFF DIRLIGHTMAP_OFF DYNAMICLIGHTMAP_OFF _ALPHABLEND_ON pd= ok=1
Cmd: compileSnippet
  api=1 type=1 insize=1152 outsize=677 kw=LIGHTMAP_OFF DIRLIGHTMAP_OFF DYNAMICLIGHTMAP_OFF _ALPHABLEND_ON pd= ok=1
Cmd: compileSnippet
  api=0 type=1 insize=1152 outsize=6 kw=LIGHTMAP_OFF DIRLIGHTMAP_COMBINED DYNAMICLIGHTMAP_OFF pd= ok=1
Cmd: compileSnippet
  api=1 type=1 insize=1152 outsize=677 kw=LIGHTMAP_OFF DIRLIGHTMAP_COMBINED DYNAMICLIGHTMAP_OFF pd= ok=1
Cmd: compileSnippet
  api=0 type=1 insize=1152 outsize=6 kw=LIGHTMAP_OFF DIRLIGHTMAP_COMBINED DYNAMICLIGHTMAP_OFF _ALPHABLEND_ON pd= ok=1
Cmd: compileSnippet
  api=1 type=1 insize=1152 outsize=677 kw=LIGHTMAP_OFF DIRLIGHTMAP_COMBINED DYNAMICLIGHTMAP_OFF _ALPHABLEND_ON pd= ok=1
Cmd: compileSnippet
  api=0 type=1 insize=1152 outsize=6 kw=LIGHTMAP_OFF DIRLIGHTMAP_SEPARATE DYNAMICLIGHTMAP_OFF pd= ok=1
Cmd: compileSnippet
  api=1 type=1 insize=1152 outsize=677 kw=LIGHTMAP_OFF DIRLIGHTMAP_SEPARATE DYNAMICLIGHTMAP_OFF pd= ok=1
Cmd: compileSnippet
  api=4 type=1 insize=1152 outsize=2818 kw=LIGHTMAP_OFF DIRLIGHTMAP_SEPARATE DYNAMICLIGHTMAP_OFF pd= ok=1
Cmd: compileSnippet
  api=0 type=1 insize=1152 outsize=6 kw=LIGHTMAP_OFF DIRLIGHTMAP_OFF DYNAMICLIGHTMAP_OFF UNITY_HDR_ON pd= ok=1
Cmd: compileSnippet
  api=1 type=1 insize=1152 outsize=618 kw=LIGHTMAP_OFF DIRLIGHTMAP_OFF DYNAMICLIGHTMAP_OFF UNITY_HDR_ON pd= ok=1
Cmd: compileSnippet
  api=0 type=1 insize=1152 outsize=6 kw=LIGHTMAP_OFF DIRLIGHTMAP_OFF DYNAMICLIGHTMAP_OFF UNITY_HDR_ON _ALPHABLEND_ON pd= ok=1
Cmd: compileSnippet
  api=1 type=1 insize=1152 outsize=618 kw=LIGHTMAP_OFF DIRLIGHTMAP_OFF DYNAMICLIGHTMAP_OFF UNITY_HDR_ON _ALPHABLEND_ON pd= ok=1
Cmd: compileSnippet
  api=4 type=1 insize=1152 outsize=2769 kw=LIGHTMAP_OFF DIRLIGHTMAP_OFF DYNAMICLIGHTMAP_OFF UNITY_HDR_ON _ALPHABLEND_ON pd= ok=1
Cmd: compileSnippet
  api=4 type=1 insize=1152 outsize=2769 kw=LIGHTMAP_OFF DIRLIGHTMAP_COMBINED DYNAMICLIGHTMAP_OFF UNITY_HDR_ON pd= ok=1
Cmd: compileSnippet
  api=0 type=1 insize=1152 outsize=6 kw=LIGHTMAP_OFF DIRLIGHTMAP_SEPARATE DYNAMICLIGHTMAP_OFF UNITY_HDR_ON pd= ok=1
Cmd: compileSnippet
  api=1 type=1 insize=1152 outsize=618 kw=LIGHTMAP_OFF DIRLIGHTMAP_SEPARATE DYNAMICLIGHTMAP_OFF UNITY_HDR_ON pd= ok=1
Cmd: compileSnippet
  api=4 type=1 insize=1152 outsize=2769 kw=LIGHTMAP_OFF DIRLIGHTMAP_SEPARATE DYNAMICLIGHTMAP_OFF UNITY_HDR_ON pd= ok=1
Cmd: compileSnippet
  api=1 type=0 insize=886 outsize=851 kw=DIRECTIONAL SHADOWS_OFF LIGHTMAP_OFF DIRLIGHTMAP_OFF DYNAMICLIGHTMAP_OFF pd= ok=1
Cmd: compileSnippet
  api=4 type=0 insize=886 outsize=4313 kw=DIRECTIONAL SHADOWS_OFF LIGHTMAP_OFF DIRLIGHTMAP_OFF DYNAMICLIGHTMAP_OFF pd= ok=1
Cmd: compileSnippet
  api=8 type=0 insize=886 outsize=6346 kw=DIRECTIONAL SHADOWS_OFF LIGHTMAP_OFF DIRLIGHTMAP_OFF DYNAMICLIGHTMAP_OFF pd=UNITY_NO_SCREENSPACE_SHADOWS UNITY_NO_LINEAR_COLORSPACE ok=1
Cmd: compileSnippet
  api=0 type=0 insize=886 outsize=5629 kw=DIRECTIONAL SHADOWS_SCREEN LIGHTMAP_OFF DIRLIGHTMAP_OFF DYNAMICLIGHTMAP_OFF pd= ok=1
Cmd: compileSnippet
  api=1 type=0 insize=886 outsize=1345 kw=DIRECTIONAL SHADOWS_OFF LIGHTMAP_OFF DIRLIGHTMAP_OFF DYNAMICLIGHTMAP_OFF VERTEXLIGHT_ON pd= ok=1
Cmd: compileSnippet
  api=4 type=0 insize=886 outsize=5726 kw=DIRECTIONAL SHADOWS_OFF LIGHTMAP_OFF DIRLIGHTMAP_OFF DYNAMICLIGHTMAP_OFF VERTEXLIGHT_ON pd= ok=1
Cmd: compileSnippet
  api=0 type=0 insize=886 outsize=6887 kw=DIRECTIONAL SHADOWS_SCREEN LIGHTMAP_OFF DIRLIGHTMAP_OFF DYNAMICLIGHTMAP_OFF VERTEXLIGHT_ON pd= ok=1
Cmd: compileSnippet
  api=8 type=0 insize=886 outsize=7402 kw=DIRECTIONAL SHADOWS_SCREEN SHADOWS_NATIVE LIGHTMAP_OFF DIRLIGHTMAP_OFF DYNAMICLIGHTMAP_OFF pd=UNITY_NO_SCREENSPACE_SHADOWS UNITY_NO_LINEAR_COLORSPACE ok=1
Cmd: compileSnippet
  api=0 type=0 insize=886 outsize=5262 kw=DIRECTIONAL SHADOWS_OFF LIGHTMAP_OFF DIRLIGHTMAP_OFF DYNAMICLIGHTMAP_OFF _ALPHABLEND_ON pd= ok=1
Cmd: compileSnippet
  api=0 type=0 insize=886 outsize=5693 kw=DIRECTIONAL SHADOWS_SCREEN LIGHTMAP_OFF DIRLIGHTMAP_OFF DYNAMICLIGHTMAP_OFF _ALPHABLEND_ON pd= ok=1
Cmd: compileSnippet
  api=1 type=0 insize=886 outsize=1345 kw=DIRECTIONAL SHADOWS_OFF LIGHTMAP_OFF DIRLIGHTMAP_OFF DYNAMICLIGHTMAP_OFF VERTEXLIGHT_ON _ALPHABLEND_ON pd= ok=1
Cmd: compileSnippet
  api=4 type=0 insize=886 outsize=5726 kw=DIRECTIONAL SHADOWS_OFF LIGHTMAP_OFF DIRLIGHTMAP_OFF DYNAMICLIGHTMAP_OFF VERTEXLIGHT_ON _ALPHABLEND_ON pd= ok=1
Cmd: compileSnippet
  api=8 type=0 insize=886 outsize=8653 kw=DIRECTIONAL SHADOWS_OFF LIGHTMAP_OFF DIRLIGHTMAP_OFF DYNAMICLIGHTMAP_OFF VERTEXLIGHT_ON _ALPHABLEND_ON pd=UNITY_NO_SCREENSPACE_SHADOWS UNITY_NO_LINEAR_COLORSPACE ok=1
Cmd: compileSnippet
  api=1 type=0 insize=886 outsize=1473 kw=DIRECTIONAL SHADOWS_SCREEN LIGHTMAP_OFF DIRLIGHTMAP_OFF DYNAMICLIGHTMAP_OFF VERTEXLIGHT_ON _ALPHABLEND_ON pd= ok=1
Cmd: compileSnippet
  api=4 type=0 insize=886 outsize=6084 kw=DIRECTIONAL SHADOWS_SCREEN LIGHTMAP_OFF DIRLIGHTMAP_OFF DYNAMICLIGHTMAP_OFF VERTEXLIGHT_ON _ALPHABLEND_ON pd= ok=1
Cmd: compileSnippet
  api=8 type=0 insize=886 outsize=9709 kw=DIRECTIONAL SHADOWS_SCREEN SHADOWS_NATIVE LIGHTMAP_OFF DIRLIGHTMAP_OFF DYNAMICLIGHTMAP_OFF VERTEXLIGHT_ON _ALPHABLEND_ON pd=UNITY_NO_SCREENSPACE_SHADOWS UNITY_NO_LINEAR_COLORSPACE ok=1
Cmd: compileSnippet
  api=1 type=1 insize=886 outsize=1157 kw=DIRECTIONAL SHADOWS_OFF LIGHTMAP_OFF DIRLIGHTMAP_OFF DYNAMICLIGHTMAP_OFF pd= ok=1
Cmd: compileSnippet
  api=8 type=1 insize=886 outsize=5834 kw=DIRECTIONAL SHADOWS_OFF LIGHTMAP_OFF DIRLIGHTMAP_OFF DYNAMICLIGHTMAP_OFF pd=UNITY_NO_SCREENSPACE_SHADOWS UNITY_NO_LINEAR_COLORSPACE ok=1
Cmd: compileSnippet
  api=8 type=1 insize=886 outsize=6524 kw=DIRECTIONAL SHADOWS_SCREEN SHADOWS_NATIVE LIGHTMAP_OFF DIRLIGHTMAP_OFF DYNAMICLIGHTMAP_OFF pd=UNITY_NO_SCREENSPACE_SHADOWS UNITY_NO_LINEAR_COLORSPACE ok=1
Cmd: compileSnippet
  api=8 type=1 insize=886 outsize=5866 kw=DIRECTIONAL SHADOWS_OFF LIGHTMAP_OFF DIRLIGHTMAP_OFF DYNAMICLIGHTMAP_OFF _ALPHABLEND_ON pd=UNITY_NO_SCREENSPACE_SHADOWS UNITY_NO_LINEAR_COLORSPACE ok=1
Cmd: compileSnippet
  api=8 type=1 insize=886 outsize=6581 kw=DIRECTIONAL SHADOWS_SCREEN SHADOWS_NATIVE LIGHTMAP_OFF DIRLIGHTMAP_OFF DYNAMICLIGHTMAP_OFF _ALPHABLEND_ON pd=UNITY_NO_SCREENSPACE_SHADOWS UNITY_NO_LINEAR_COLORSPACE ok=1
Cmd: compileSnippet
  api=1 type=0 insize=816 outsize=893 kw=POINT SHADOWS_OFF pd= ok=1
Cmd: compileSnippet
  api=4 type=0 insize=816 outsize=5101 kw=POINT SHADOWS_OFF pd= ok=1
Cmd: compileSnippet
  api=8 type=0 insize=816 outsize=7410 kw=POINT SHADOWS_OFF pd=UNITY_NO_SCREENSPACE_SHADOWS UNITY_NO_LINEAR_COLORSPACE ok=1
Cmd: compileSnippet
  api=1 type=0 insize=816 outsize=803 kw=DIRECTIONAL SHADOWS_OFF pd= ok=1
Cmd: compileSnippet
  api=4 type=0 insize=816 outsize=4256 kw=DIRECTIONAL SHADOWS_OFF pd= ok=1
Cmd: compileSnippet
  api=8 type=0 insize=816 outsize=6208 kw=DIRECTIONAL SHADOWS_OFF pd=UNITY_NO_SCREENSPACE_SHADOWS UNITY_NO_LINEAR_COLORSPACE ok=1
Cmd: compileSnippet
  api=1 type=0 insize=816 outsize=912 kw=SPOT SHADOWS_OFF pd= ok=1
Cmd: compileSnippet
  api=4 type=0 insize=816 outsize=5101 kw=SPOT SHADOWS_OFF pd= ok=1
Cmd: compileSnippet
  api=8 type=0 insize=816 outsize=7410 kw=SPOT SHADOWS_OFF pd=UNITY_NO_SCREENSPACE_SHADOWS UNITY_NO_LINEAR_COLORSPACE ok=1
Cmd: compileSnippet
  api=1 type=0 insize=816 outsize=893 kw=POINT_COOKIE SHADOWS_OFF pd= ok=1
Cmd: compileSnippet
  api=4 type=0 insize=816 outsize=5101 kw=POINT_COOKIE SHADOWS_OFF pd= ok=1
Cmd: compileSnippet
  api=8 type=0 insize=816 outsize=7410 kw=POINT_COOKIE SHADOWS_OFF pd=UNITY_NO_SCREENSPACE_SHADOWS UNITY_NO_LINEAR_COLORSPACE ok=1
Cmd: compileSnippet
  api=1 type=0 insize=816 outsize=859 kw=DIRECTIONAL_COOKIE SHADOWS_OFF pd= ok=1
Cmd: compileSnippet
  api=4 type=0 insize=816 outsize=4946 kw=DIRECTIONAL_COOKIE SHADOWS_OFF pd= ok=1
Cmd: compileSnippet
  api=0 type=0 insize=816 outsize=5435 kw=SPOT SHADOWS_DEPTH SHADOWS_NATIVE pd= ok=1
Cmd: compileSnippet
  api=8 type=0 insize=816 outsize=8003 kw=SPOT SHADOWS_DEPTH SHADOWS_NATIVE pd=UNITY_NO_SCREENSPACE_SHADOWS UNITY_NO_LINEAR_COLORSPACE ok=1
Cmd: compileSnippet
  api=1 type=0 insize=816 outsize=951 kw=DIRECTIONAL SHADOWS_SCREEN pd= ok=1
Cmd: compileSnippet
  api=4 type=0 insize=816 outsize=4613 kw=DIRECTIONAL SHADOWS_SCREEN pd= ok=1
Cmd: compileSnippet
  api=0 type=0 insize=816 outsize=5277 kw=DIRECTIONAL_COOKIE SHADOWS_SCREEN pd= ok=1
Cmd: compileSnippet
  api=1 type=0 insize=816 outsize=915 kw=POINT SHADOWS_CUBE pd= ok=1
Cmd: compileSnippet
  api=4 type=0 insize=816 outsize=5247 kw=POINT SHADOWS_CUBE pd= ok=1
Cmd: compileSnippet
  api=8 type=0 insize=816 outsize=7589 kw=POINT SHADOWS_CUBE pd=UNITY_NO_SCREENSPACE_SHADOWS UNITY_NO_LINEAR_COLORSPACE ok=1
Cmd: compileSnippet
  api=1 type=0 insize=816 outsize=915 kw=POINT_COOKIE SHADOWS_CUBE pd= ok=1
Cmd: compileSnippet
  api=4 type=0 insize=816 outsize=5247 kw=POINT_COOKIE SHADOWS_CUBE pd= ok=1
Cmd: compileSnippet
  api=8 type=0 insize=816 outsize=7589 kw=POINT_COOKIE SHADOWS_CUBE pd=UNITY_NO_SCREENSPACE_SHADOWS UNITY_NO_LINEAR_COLORSPACE ok=1
Cmd: compileSnippet
  api=0 type=0 insize=816 outsize=4945 kw=POINT SHADOWS_OFF _ALPHABLEND_ON pd= ok=1
Cmd: compileSnippet
  api=8 type=0 insize=816 outsize=7410 kw=POINT SHADOWS_OFF _ALPHABLEND_ON pd=UNITY_NO_SCREENSPACE_SHADOWS UNITY_NO_LINEAR_COLORSPACE ok=1
Cmd: compileSnippet
  api=1 type=0 insize=816 outsize=803 kw=DIRECTIONAL SHADOWS_OFF _ALPHABLEND_ON pd= ok=1
Cmd: compileSnippet
  api=4 type=0 insize=816 outsize=4256 kw=DIRECTIONAL SHADOWS_OFF _ALPHABLEND_ON pd= ok=1
Cmd: compileSnippet
  api=8 type=0 insize=816 outsize=6208 kw=DIRECTIONAL SHADOWS_OFF _ALPHABLEND_ON pd=UNITY_NO_SCREENSPACE_SHADOWS UNITY_NO_LINEAR_COLORSPACE ok=1
Cmd: compileSnippet
  api=1 type=0 insize=816 outsize=912 kw=SPOT SHADOWS_OFF _ALPHABLEND_ON pd= ok=1
Cmd: compileSnippet
  api=4 type=0 insize=816 outsize=5101 kw=SPOT SHADOWS_OFF _ALPHABLEND_ON pd= ok=1
Cmd: compileSnippet
  api=0 type=0 insize=816 outsize=5033 kw=POINT_COOKIE SHADOWS_OFF _ALPHABLEND_ON pd= ok=1
Cmd: compileSnippet
  api=8 type=0 insize=816 outsize=7410 kw=POINT_COOKIE SHADOWS_OFF _ALPHABLEND_ON pd=UNITY_NO_SCREENSPACE_SHADOWS UNITY_NO_LINEAR_COLORSPACE ok=1
Cmd: compileSnippet
  api=1 type=0 insize=816 outsize=859 kw=DIRECTIONAL_COOKIE SHADOWS_OFF _ALPHABLEND_ON pd= ok=1
Cmd: compileSnippet
  api=4 type=0 insize=816 outsize=4946 kw=DIRECTIONAL_COOKIE SHADOWS_OFF _ALPHABLEND_ON pd= ok=1
Cmd: compileSnippet
  api=0 type=0 insize=816 outsize=5495 kw=SPOT SHADOWS_DEPTH SHADOWS_NATIVE _ALPHABLEND_ON pd= ok=1
Cmd: compileSnippet
  api=8 type=0 insize=816 outsize=8003 kw=SPOT SHADOWS_DEPTH SHADOWS_NATIVE _ALPHABLEND_ON pd=UNITY_NO_SCREENSPACE_SHADOWS UNITY_NO_LINEAR_COLORSPACE ok=1
Cmd: compileSnippet
  api=1 type=0 insize=816 outsize=951 kw=DIRECTIONAL SHADOWS_SCREEN _ALPHABLEND_ON pd= ok=1
Cmd: compileSnippet
  api=4 type=0 insize=816 outsize=4613 kw=DIRECTIONAL SHADOWS_SCREEN _ALPHABLEND_ON pd= ok=1
Cmd: compileSnippet
  api=1 type=0 insize=816 outsize=1007 kw=DIRECTIONAL_COOKIE SHADOWS_SCREEN _ALPHABLEND_ON pd= ok=1
Cmd: compileSnippet
  api=4 type=0 insize=816 outsize=5304 kw=DIRECTIONAL_COOKIE SHADOWS_SCREEN _ALPHABLEND_ON pd= ok=1
Cmd: compileSnippet
  api=0 type=0 insize=816 outsize=5748 kw=POINT SHADOWS_CUBE _ALPHABLEND_ON pd= ok=1
Cmd: compileSnippet
  api=8 type=0 insize=816 outsize=7589 kw=POINT SHADOWS_CUBE _ALPHABLEND_ON pd=UNITY_NO_SCREENSPACE_SHADOWS UNITY_NO_LINEAR_COLORSPACE ok=1
Cmd: compileSnippet
  api=1 type=0 insize=816 outsize=915 kw=POINT_COOKIE SHADOWS_CUBE _ALPHABLEND_ON pd= ok=1
Cmd: compileSnippet
  api=4 type=0 insize=816 outsize=5247 kw=POINT_COOKIE SHADOWS_CUBE _ALPHABLEND_ON pd= ok=1
Cmd: compileSnippet
  api=8 type=0 insize=816 outsize=7589 kw=POINT_COOKIE SHADOWS_CUBE _ALPHABLEND_ON pd=UNITY_NO_SCREENSPACE_SHADOWS UNITY_NO_LINEAR_COLORSPACE ok=1
Cmd: compileSnippet
  api=8 type=0 insize=816 outsize=7824 kw=DIRECTIONAL_COOKIE SHADOWS_SCREEN SHADOWS_NATIVE _ALPHABLEND_ON pd=UNITY_NO_SCREENSPACE_SHADOWS UNITY_NO_LINEAR_COLORSPACE ok=1
Cmd: compileSnippet
  api=1 type=1 insize=816 outsize=807 kw=POINT SHADOWS_OFF pd= ok=1
Cmd: compileSnippet
  api=0 type=1 insize=816 outsize=6 kw=DIRECTIONAL SHADOWS_OFF pd= ok=1
Cmd: compileSnippet
  api=1 type=1 insize=816 outsize=689 kw=DIRECTIONAL SHADOWS_OFF pd= ok=1
Cmd: compileSnippet
  api=4 type=1 insize=816 outsize=2582 kw=DIRECTIONAL SHADOWS_OFF pd= ok=1
Cmd: compileSnippet
  api=0 type=1 insize=816 outsize=6 kw=SPOT SHADOWS_OFF pd= ok=1
Cmd: compileSnippet
  api=1 type=1 insize=816 outsize=941 kw=SPOT SHADOWS_OFF pd= ok=1
Cmd: compileSnippet
  api=8 type=1 insize=816 outsize=5086 kw=SPOT SHADOWS_OFF pd=UNITY_NO_SCREENSPACE_SHADOWS UNITY_NO_LINEAR_COLORSPACE ok=1
Cmd: compileSnippet
  api=4 type=1 insize=816 outsize=3086 kw=POINT_COOKIE SHADOWS_OFF pd= ok=1
Cmd: compileSnippet
  api=0 type=1 insize=816 outsize=6 kw=DIRECTIONAL_COOKIE SHADOWS_OFF pd= ok=1
Cmd: compileSnippet
  api=1 type=1 insize=816 outsize=783 kw=DIRECTIONAL_COOKIE SHADOWS_OFF pd= ok=1
Cmd: compileSnippet
  api=8 type=1 insize=816 outsize=4274 kw=DIRECTIONAL_COOKIE SHADOWS_OFF pd=UNITY_NO_SCREENSPACE_SHADOWS UNITY_NO_LINEAR_COLORSPACE ok=1
Cmd: compileSnippet
  api=4 type=1 insize=816 outsize=3914 kw=SPOT SHADOWS_DEPTH SHADOWS_NATIVE pd= ok=1
Cmd: compileSnippet
  api=0 type=1 insize=816 outsize=6 kw=DIRECTIONAL SHADOWS_SCREEN pd= ok=1
Cmd: compileSnippet
  api=1 type=1 insize=816 outsize=784 kw=DIRECTIONAL SHADOWS_SCREEN pd= ok=1
Cmd: compileSnippet
  api=4 type=1 insize=816 outsize=2899 kw=DIRECTIONAL SHADOWS_SCREEN pd= ok=1
Cmd: compileSnippet
  api=4 type=1 insize=816 outsize=3159 kw=DIRECTIONAL_COOKIE SHADOWS_SCREEN pd= ok=1
Cmd: compileSnippet
  api=4 type=1 insize=816 outsize=3581 kw=POINT SHADOWS_CUBE pd= ok=1
Cmd: compileSnippet
  api=0 type=1 insize=816 outsize=6 kw=POINT_COOKIE SHADOWS_CUBE pd= ok=1
Cmd: compileSnippet
  api=1 type=1 insize=816 outsize=1049 kw=POINT_COOKIE SHADOWS_CUBE pd= ok=1
Cmd: compileSnippet
  api=8 type=1 insize=816 outsize=5720 kw=POINT_COOKIE SHADOWS_CUBE pd=UNITY_NO_SCREENSPACE_SHADOWS UNITY_NO_LINEAR_COLORSPACE ok=1
Cmd: compileSnippet
  api=8 type=1 insize=816 outsize=4989 kw=DIRECTIONAL_COOKIE SHADOWS_SCREEN SHADOWS_NATIVE pd=UNITY_NO_SCREENSPACE_SHADOWS UNITY_NO_LINEAR_COLORSPACE ok=1
Cmd: compileSnippet
  api=4 type=1 insize=816 outsize=2923 kw=POINT SHADOWS_OFF _ALPHABLEND_ON pd= ok=1
Cmd: compileSnippet
  api=0 type=1 insize=816 outsize=6 kw=DIRECTIONAL SHADOWS_OFF _ALPHABLEND_ON pd= ok=1
Cmd: compileSnippet
  api=1 type=1 insize=816 outsize=695 kw=DIRECTIONAL SHADOWS_OFF _ALPHABLEND_ON pd= ok=1
Cmd: compileSnippet
  api=8 type=1 insize=816 outsize=3924 kw=DIRECTIONAL SHADOWS_OFF _ALPHABLEND_ON pd=UNITY_NO_SCREENSPACE_SHADOWS UNITY_NO_LINEAR_COLORSPACE ok=1
Cmd: compileSnippet
  api=4 type=1 insize=816 outsize=3419 kw=SPOT SHADOWS_OFF _ALPHABLEND_ON pd= ok=1
Cmd: compileSnippet
  api=0 type=1 insize=816 outsize=6 kw=POINT_COOKIE SHADOWS_OFF _ALPHABLEND_ON pd= ok=1
Cmd: compileSnippet
  api=1 type=1 insize=816 outsize=868 kw=POINT_COOKIE SHADOWS_OFF _ALPHABLEND_ON pd= ok=1
Cmd: compileSnippet
  api=4 type=1 insize=816 outsize=3110 kw=POINT_COOKIE SHADOWS_OFF _ALPHABLEND_ON pd= ok=1
Cmd: compileSnippet
  api=0 type=1 insize=816 outsize=6 kw=DIRECTIONAL_COOKIE SHADOWS_OFF _ALPHABLEND_ON pd= ok=1
Cmd: compileSnippet
  api=1 type=1 insize=816 outsize=779 kw=DIRECTIONAL_COOKIE SHADOWS_OFF _ALPHABLEND_ON pd= ok=1
Cmd: compileSnippet
  api=8 type=1 insize=816 outsize=4306 kw=DIRECTIONAL_COOKIE SHADOWS_OFF _ALPHABLEND_ON pd=UNITY_NO_SCREENSPACE_SHADOWS UNITY_NO_LINEAR_COLORSPACE ok=1
Cmd: compileSnippet
  api=4 type=1 insize=816 outsize=3939 kw=SPOT SHADOWS_DEPTH SHADOWS_NATIVE _ALPHABLEND_ON pd= ok=1
Cmd: compileSnippet
  api=0 type=1 insize=816 outsize=6 kw=DIRECTIONAL SHADOWS_SCREEN _ALPHABLEND_ON pd= ok=1
Cmd: compileSnippet
  api=1 type=1 insize=816 outsize=800 kw=DIRECTIONAL SHADOWS_SCREEN _ALPHABLEND_ON pd= ok=1
Cmd: compileSnippet
  api=4 type=1 insize=816 outsize=2923 kw=DIRECTIONAL SHADOWS_SCREEN _ALPHABLEND_ON pd= ok=1
Cmd: compileSnippet
  api=4 type=1 insize=816 outsize=3183 kw=DIRECTIONAL_COOKIE SHADOWS_SCREEN _ALPHABLEND_ON pd= ok=1
Cmd: compileSnippet
  api=4 type=1 insize=816 outsize=3606 kw=POINT SHADOWS_CUBE _ALPHABLEND_ON pd= ok=1
Cmd: compileSnippet
  api=0 type=1 insize=816 outsize=6 kw=POINT_COOKIE SHADOWS_CUBE _ALPHABLEND_ON pd= ok=1
Cmd: compileSnippet
  api=1 type=1 insize=816 outsize=1070 kw=POINT_COOKIE SHADOWS_CUBE _ALPHABLEND_ON pd= ok=1
Cmd: compileSnippet
  api=8 type=1 insize=816 outsize=5753 kw=POINT_COOKIE SHADOWS_CUBE _ALPHABLEND_ON pd=UNITY_NO_SCREENSPACE_SHADOWS UNITY_NO_LINEAR_COLORSPACE ok=1
Cmd: compileSnippet
  api=8 type=1 insize=816 outsize=5021 kw=DIRECTIONAL_COOKIE SHADOWS_SCREEN SHADOWS_NATIVE _ALPHABLEND_ON pd=UNITY_NO_SCREENSPACE_SHADOWS UNITY_NO_LINEAR_COLORSPACE ok=1
Cmd: compileSnippet
  api=1 type=0 insize=600 outsize=832 kw=SHADOWS_DEPTH pd= ok=1
Cmd: compileSnippet
  api=4 type=0 insize=600 outsize=3533 kw=SHADOWS_DEPTH pd= ok=1
Cmd: compileSnippet
  api=0 type=0 insize=600 outsize=487 kw=SHADOWS_CUBE pd= ok=1
Cmd: compileSnippet
  api=1 type=0 insize=600 outsize=172 kw=SHADOWS_CUBE pd= ok=1
Cmd: compileSnippet
  api=4 type=0 insize=600 outsize=1420 kw=SHADOWS_CUBE pd= ok=1
Cmd: compileSnippet
  api=0 type=0 insize=600 outsize=2249 kw=SHADOWS_DEPTH _ALPHABLEND_ON pd= ok=1
Cmd: compileSnippet
  api=8 type=0 insize=600 outsize=5728 kw=SHADOWS_DEPTH _ALPHABLEND_ON pd=UNITY_NO_SCREENSPACE_SHADOWS UNITY_NO_LINEAR_COLORSPACE ok=1
Cmd: compileSnippet
  api=1 type=0 insize=600 outsize=216 kw=SHADOWS_CUBE _ALPHABLEND_ON pd= ok=1
Cmd: compileSnippet
  api=8 type=0 insize=600 outsize=2364 kw=SHADOWS_CUBE _ALPHABLEND_ON pd=UNITY_NO_SCREENSPACE_SHADOWS UNITY_NO_LINEAR_COLORSPACE ok=1
Cmd: compileSnippet
  api=1 type=1 insize=600 outsize=67 kw=SHADOWS_DEPTH pd= ok=1
Cmd: compileSnippet
  api=8 type=1 insize=600 outsize=601 kw=SHADOWS_DEPTH pd=UNITY_NO_SCREENSPACE_SHADOWS UNITY_NO_LINEAR_COLORSPACE ok=1
Cmd: compileSnippet
  api=8 type=1 insize=600 outsize=934 kw=SHADOWS_CUBE pd=UNITY_NO_SCREENSPACE_SHADOWS UNITY_NO_LINEAR_COLORSPACE ok=1
Cmd: compileSnippet
  api=4 type=1 insize=600 outsize=835 kw=SHADOWS_DEPTH _ALPHABLEND_ON pd= ok=1
Cmd: compileSnippet
  api=0 type=1 insize=600 outsize=6 kw=SHADOWS_CUBE _ALPHABLEND_ON pd= ok=1
Cmd: compileSnippet
  api=1 type=1 insize=600 outsize=195 kw=SHADOWS_CUBE _ALPHABLEND_ON pd= ok=1
Cmd: compileSnippet
  api=8 type=1 insize=600 outsize=1544 kw=SHADOWS_CUBE _ALPHABLEND_ON pd=UNITY_NO_SCREENSPACE_SHADOWS UNITY_NO_LINEAR_COLORSPACE ok=1
Cmd: compileSnippet
  api=1 type=0 insize=13030 outsize=4385 kw=_SUNDISK_NONE pd= ok=1
Cmd: compileSnippet
  api=4 type=0 insize=13030 outsize=11073 kw=_SUNDISK_NONE pd= ok=1
Cmd: compileSnippet
  api=0 type=0 insize=13030 outsize=6436 kw=_SUNDISK_SIMPLE pd= ok=1
Cmd: compileSnippet
  api=4 type=0 insize=13030 outsize=11268 kw=_SUNDISK_SIMPLE pd= ok=1
Cmd: compileSnippet
  api=0 type=0 insize=13030 outsize=6551 kw=_SUNDISK_HIGH_QUALITY pd= ok=1
Cmd: compileSnippet
  api=1 type=0 insize=13030 outsize=4422 kw=_SUNDISK_HIGH_QUALITY pd= ok=1
Cmd: compileSnippet
  api=8 type=0 insize=13030 outsize=18029 kw=_SUNDISK_HIGH_QUALITY pd=UNITY_NO_SCREENSPACE_SHADOWS UNITY_NO_LINEAR_COLORSPACE ok=1
Cmd: compileSnippet
  api=4 type=0 insize=13030 outsize=10829 kw=UNITY_COLORSPACE_GAMMA _SUNDISK_NONE pd= ok=1
Cmd: compileSnippet
  api=0 type=0 insize=13030 outsize=6315 kw=UNITY_COLORSPACE_GAMMA _SUNDISK_SIMPLE pd= ok=1
Cmd: compileSnippet
  api=1 type=0 insize=13030 outsize=4097 kw=UNITY_COLORSPACE_GAMMA _SUNDISK_SIMPLE pd= ok=1
Cmd: compileSnippet
  api=0 type=0 insize=13030 outsize=6430 kw=UNITY_COLORSPACE_GAMMA _SUNDISK_HIGH_QUALITY pd= ok=1
Cmd: compileSnippet
  api=1 type=0 insize=13030 outsize=4117 kw=UNITY_COLORSPACE_GAMMA _SUNDISK_HIGH_QUALITY pd= ok=1
Cmd: compileSnippet
  api=8 type=0 insize=13030 outsize=17314 kw=UNITY_COLORSPACE_GAMMA _SUNDISK_HIGH_QUALITY pd=UNITY_NO_SCREENSPACE_SHADOWS UNITY_NO_LINEAR_COLORSPACE ok=1
Cmd: compileSnippet
  api=1 type=1 insize=13030 outsize=188 kw=_SUNDISK_NONE pd= ok=1
Cmd: compileSnippet
  api=8 type=1 insize=13030 outsize=1259 kw=_SUNDISK_NONE pd=UNITY_NO_SCREENSPACE_SHADOWS UNITY_NO_LINEAR_COLORSPACE ok=1
Cmd: compileSnippet
  api=4 type=1 insize=13030 outsize=1859 kw=_SUNDISK_SIMPLE pd= ok=1
Cmd: compileSnippet
  api=0 type=1 insize=13030 outsize=6 kw=_SUNDISK_HIGH_QUALITY pd= ok=1
Cmd: compileSnippet
  api=1 type=1 insize=13030 outsize=727 kw=_SUNDISK_HIGH_QUALITY pd= ok=1
Cmd: compileSnippet
  api=8 type=1 insize=13030 outsize=3575 kw=_SUNDISK_HIGH_QUALITY pd=UNITY_NO_SCREENSPACE_SHADOWS UNITY_NO_LINEAR_COLORSPACE ok=1
Cmd: compileSnippet
  api=8 type=1 insize=13030 outsize=1446 kw=UNITY_COLORSPACE_GAMMA _SUNDISK_NONE pd=UNITY_NO_SCREENSPACE_SHADOWS UNITY_NO_LINEAR_COLORSPACE ok=1
Cmd: compileSnippet
  api=8 type=1 insize=13030 outsize=3023 kw=UNITY_COLORSPACE_GAMMA _SUNDISK_SIMPLE pd=UNITY_NO_SCREENSPACE_SHADOWS UNITY_NO_LINEAR_COLORSPACE ok=1
Cmd: compileSnippet
  api=8 type=1 insize=13030 outsize=3762 kw=UNITY_COLORSPACE_GAMMA _SUNDISK_HIGH_QUALITY pd=UNITY_NO_SCREENSPACE_SHADOWS UNITY_NO_LINEAR_COLORSPACE ok=1
Cmd: compileSnippet
  api=1 type=0 insize=4597 outsize=1014 kw= pd= ok=1
Cmd: compileSnippet
  api=8 type=0 insize=4597 outsize=6045 kw= pd=UNITY_NO_SCREENSPACE_SHADOWS UNITY_NO_LINEAR_COLORSPACE ok=1
Cmd: compileSnippet
  api=4 type=0 insize=4597 outsize=4833 kw=POINT pd= ok=1
Cmd: compileSnippet
  api=8 type=0 insize=4597 outsize=7248 kw=POINT pd=UNITY_NO_SCREENSPACE_SHADOWS UNITY_NO_LINEAR_COLORSPACE ok=1
Cmd: compileSnippet
  api=4 type=0 insize=4597 outsize=5198 kw=SPOT pd= ok=1
Cmd: compileSnippet
  api=1 type=1 insize=4597 outsize=172 kw= pd= ok=1
Cmd: compileSnippet
  api=8 type=1 insize=4597 outsize=1414 kw= pd=UNITY_NO_SCREENSPACE_SHADOWS UNITY_NO_LINEAR_COLORSPACE ok=1
Cmd: compileSnippet
  api=8 type=1 insize=4597 outsize=1414 kw=POINT pd=UNITY_NO_SCREENSPACE_SHADOWS UNITY_NO_LINEAR_COLORSPACE ok=1
Cmd: compileSnippet
  api=4 type=1 insize=4597 outsize=981 kw=SPOT pd= ok=1
Cmd: compileSnippet
  api=1 type=0 insize=1807 outsize=259 kw= pd= ok=1
Cmd: compileSnippet
  api=4 type=0 insize=1807 outsize=1485 kw= pd= ok=1
Cmd: compileSnippet
  api=8 type=0 insize=1807 outsize=2129 kw= pd=UNITY_NO_SCREENSPACE_SHADOWS UNITY_NO_LINEAR_COLORSPACE ok=1
Cmd: compileSnippet
  api=1 type=1 insize=1807 outsize=206 kw= pd= ok=1
Cmd: compileSnippet
  api=8 type=1 insize=1807 outsize=1666 kw= pd=UNITY_NO_SCREENSPACE_SHADOWS UNITY_NO_LINEAR_COLORSPACE ok=1
Cmd: compileSnippet
  api=1 type=0 insize=2082 outsize=287 kw= pd= ok=1
Cmd: compileSnippet
  api=4 type=0 insize=2082 outsize=1648 kw= pd= ok=1
Cmd: compileSnippet
  api=8 type=0 insize=2082 outsize=2332 kw= pd=UNITY_NO_SCREENSPACE_SHADOWS UNITY_NO_LINEAR_COLORSPACE ok=1
Cmd: compileSnippet
  api=1 type=1 insize=2082 outsize=254 kw= pd= ok=1
Cmd: compileSnippet
  api=8 type=1 insize=2082 outsize=1918 kw= pd=UNITY_NO_SCREENSPACE_SHADOWS UNITY_NO_LINEAR_COLORSPACE ok=1
Cmd: compileSnippet
  api=1 type=0 insize=541 outsize=832 kw=SHADOWS_DEPTH pd= ok=1
Cmd: compileSnippet
  api=4 type=0 insize=541 outsize=3533 kw=SHADOWS_DEPTH pd= ok=1
Cmd: compileSnippet
  api=0 type=0 insize=541 outsize=487 kw=SHADOWS_CUBE pd= ok=1
Cmd: compileSnippet
  api=1 type=0 insize=541 outsize=172 kw=SHADOWS_CUBE pd= ok=1
Cmd: compileSnippet
  api=4 type=0 insize=541 outsize=1420 kw=SHADOWS_CUBE pd= ok=1
Cmd: compileSnippet
  api=8 type=0 insize=541 outsize=2056 kw=SHADOWS_CUBE pd=UNITY_NO_SCREENSPACE_SHADOWS UNITY_NO_LINEAR_COLORSPACE ok=1
Cmd: compileSnippet
  api=1 type=1 insize=541 outsize=61 kw=SHADOWS_DEPTH pd= ok=1
Cmd: compileSnippet
  api=8 type=1 insize=541 outsize=674 kw=SHADOWS_DEPTH pd=UNITY_NO_SCREENSPACE_SHADOWS UNITY_NO_LINEAR_COLORSPACE ok=1
Cmd: compileSnippet
  api=8 type=1 insize=541 outsize=1008 kw=SHADOWS_CUBE pd=UNITY_NO_SCREENSPACE_SHADOWS UNITY_NO_LINEAR_COLORSPACE ok=1
Cmd: compileSnippet
  api=1 type=0 insize=6924 outsize=580 kw=DIRECTIONAL SHADOWS_OFF LIGHTMAP_OFF DIRLIGHTMAP_OFF DYNAMICLIGHTMAP_OFF pd= ok=1
Cmd: compileSnippet
  api=4 type=0 insize=6924 outsize=3663 kw=DIRECTIONAL SHADOWS_OFF LIGHTMAP_OFF DIRLIGHTMAP_OFF DYNAMICLIGHTMAP_OFF pd= ok=1
Cmd: compileSnippet
  api=8 type=0 insize=6924 outsize=5233 kw=DIRECTIONAL SHADOWS_OFF LIGHTMAP_OFF DIRLIGHTMAP_OFF DYNAMICLIGHTMAP_OFF pd=UNITY_NO_SCREENSPACE_SHADOWS UNITY_NO_LINEAR_COLORSPACE ok=1
Cmd: compileSnippet
  api=1 type=0 insize=6924 outsize=708 kw=DIRECTIONAL SHADOWS_SCREEN LIGHTMAP_OFF DIRLIGHTMAP_OFF DYNAMICLIGHTMAP_OFF pd= ok=1
Cmd: compileSnippet
  api=4 type=0 insize=6924 outsize=4053 kw=DIRECTIONAL SHADOWS_SCREEN LIGHTMAP_OFF DIRLIGHTMAP_OFF DYNAMICLIGHTMAP_OFF pd= ok=1
Cmd: compileSnippet
  api=1 type=0 insize=6924 outsize=1087 kw=DIRECTIONAL SHADOWS_OFF LIGHTMAP_OFF DIRLIGHTMAP_OFF DYNAMICLIGHTMAP_OFF VERTEXLIGHT_ON pd= ok=1
Cmd: compileSnippet
  api=4 type=0 insize=6924 outsize=5117 kw=DIRECTIONAL SHADOWS_OFF LIGHTMAP_OFF DIRLIGHTMAP_OFF DYNAMICLIGHTMAP_OFF VERTEXLIGHT_ON pd= ok=1
Cmd: compileSnippet
  api=0 type=0 insize=6924 outsize=4012 kw=DIRECTIONAL SHADOWS_SCREEN LIGHTMAP_OFF DIRLIGHTMAP_OFF DYNAMICLIGHTMAP_OFF VERTEXLIGHT_ON pd= ok=1
Cmd: compileSnippet
  api=4 type=0 insize=6924 outsize=5507 kw=DIRECTIONAL SHADOWS_SCREEN LIGHTMAP_OFF DIRLIGHTMAP_OFF DYNAMICLIGHTMAP_OFF VERTEXLIGHT_ON pd= ok=1
Cmd: compileSnippet
  api=8 type=0 insize=6924 outsize=8661 kw=DIRECTIONAL SHADOWS_SCREEN SHADOWS_NATIVE LIGHTMAP_OFF DIRLIGHTMAP_OFF DYNAMICLIGHTMAP_OFF VERTEXLIGHT_ON pd=UNITY_NO_SCREENSPACE_SHADOWS UNITY_NO_LINEAR_COLORSPACE ok=1
Cmd: compileSnippet
  api=1 type=1 insize=6924 outsize=263 kw=DIRECTIONAL SHADOWS_OFF LIGHTMAP_OFF DIRLIGHTMAP_OFF DYNAMICLIGHTMAP_OFF pd= ok=1
Cmd: compileSnippet
  api=8 type=1 insize=6924 outsize=1950 kw=DIRECTIONAL SHADOWS_OFF LIGHTMAP_OFF DIRLIGHTMAP_OFF DYNAMICLIGHTMAP_OFF pd=UNITY_NO_SCREENSPACE_SHADOWS UNITY_NO_LINEAR_COLORSPACE ok=1
Cmd: compileSnippet
  api=8 type=1 insize=6924 outsize=2665 kw=DIRECTIONAL SHADOWS_SCREEN SHADOWS_NATIVE LIGHTMAP_OFF DIRLIGHTMAP_OFF DYNAMICLIGHTMAP_OFF pd=UNITY_NO_SCREENSPACE_SHADOWS UNITY_NO_LINEAR_COLORSPACE ok=1
Cmd: compileSnippet
  api=1 type=0 insize=3695 outsize=339 kw=POINT pd= ok=1
Cmd: compileSnippet
  api=4 type=0 insize=3695 outsize=2753 kw=POINT pd= ok=1
Cmd: compileSnippet
  api=8 type=0 insize=3695 outsize=3892 kw=POINT pd=UNITY_NO_SCREENSPACE_SHADOWS UNITY_NO_LINEAR_COLORSPACE ok=1
Cmd: compileSnippet
  api=1 type=0 insize=3695 outsize=339 kw=DIRECTIONAL pd= ok=1
Cmd: compileSnippet
  api=4 type=0 insize=3695 outsize=2753 kw=DIRECTIONAL pd= ok=1
Cmd: compileSnippet
  api=8 type=0 insize=3695 outsize=3892 kw=DIRECTIONAL pd=UNITY_NO_SCREENSPACE_SHADOWS UNITY_NO_LINEAR_COLORSPACE ok=1
Cmd: compileSnippet
  api=1 type=0 insize=3695 outsize=339 kw=SPOT pd= ok=1
Cmd: compileSnippet
  api=4 type=0 insize=3695 outsize=2753 kw=SPOT pd= ok=1
Cmd: compileSnippet
  api=8 type=0 insize=3695 outsize=3892 kw=SPOT pd=UNITY_NO_SCREENSPACE_SHADOWS UNITY_NO_LINEAR_COLORSPACE ok=1
Cmd: compileSnippet
  api=1 type=0 insize=3695 outsize=339 kw=POINT_COOKIE pd= ok=1
Cmd: compileSnippet
  api=4 type=0 insize=3695 outsize=2753 kw=POINT_COOKIE pd= ok=1
Cmd: compileSnippet
  api=0 type=0 insize=3695 outsize=1720 kw=DIRECTIONAL_COOKIE pd= ok=1
Cmd: compileSnippet
  api=8 type=0 insize=3695 outsize=3892 kw=DIRECTIONAL_COOKIE pd=UNITY_NO_SCREENSPACE_SHADOWS UNITY_NO_LINEAR_COLORSPACE ok=1
Cmd: compileSnippet
  api=1 type=1 insize=3695 outsize=428 kw=POINT pd= ok=1
Cmd: compileSnippet
  api=8 type=1 insize=3695 outsize=2876 kw=POINT pd=UNITY_NO_SCREENSPACE_SHADOWS UNITY_NO_LINEAR_COLORSPACE ok=1
Cmd: compileSnippet
  api=8 type=1 insize=3695 outsize=1739 kw=DIRECTIONAL pd=UNITY_NO_SCREENSPACE_SHADOWS UNITY_NO_LINEAR_COLORSPACE ok=1
Cmd: compileSnippet
  api=4 type=1 insize=3695 outsize=2444 kw=SPOT pd= ok=1
Cmd: compileSnippet
  api=0 type=1 insize=3695 outsize=6 kw=POINT_COOKIE pd= ok=1
Cmd: compileSnippet
  api=1 type=1 insize=3695 outsize=478 kw=POINT_COOKIE pd= ok=1
Cmd: compileSnippet
  api=4 type=1 insize=3695 outsize=2135 kw=POINT_COOKIE pd= ok=1
Cmd: compileSnippet
  api=0 type=1 insize=3695 outsize=6 kw=DIRECTIONAL_COOKIE pd= ok=1
Cmd: compileSnippet
  api=1 type=1 insize=3695 outsize=355 kw=DIRECTIONAL_COOKIE pd= ok=1
Cmd: compileSnippet
  api=4 type=1 insize=3695 outsize=1672 kw=DIRECTIONAL_COOKIE pd= ok=1
Cmd: compileSnippet
  api=1 type=0 insize=2902 outsize=293 kw= pd= ok=1
Cmd: compileSnippet
  api=4 type=0 insize=2902 outsize=2533 kw= pd= ok=1
Cmd: compileSnippet
  api=8 type=0 insize=2902 outsize=3583 kw= pd=UNITY_NO_SCREENSPACE_SHADOWS UNITY_NO_LINEAR_COLORSPACE ok=1
Cmd: compileSnippet
  api=1 type=1 insize=2902 outsize=106 kw= pd= ok=1
Cmd: compileSnippet
  api=8 type=1 insize=2902 outsize=983 kw= pd=UNITY_NO_SCREENSPACE_SHADOWS UNITY_NO_LINEAR_COLORSPACE ok=1
Cmd: compileSnippet
  api=1 type=0 insize=5962 outsize=707 kw=LIGHTMAP_OFF DIRLIGHTMAP_OFF DYNAMICLIGHTMAP_OFF HDR_LIGHT_PREPASS_OFF pd= ok=1
Cmd: compileSnippet
  api=4 type=0 insize=5962 outsize=4077 kw=LIGHTMAP_OFF DIRLIGHTMAP_OFF DYNAMICLIGHTMAP_OFF HDR_LIGHT_PREPASS_OFF pd= ok=1
Cmd: compileSnippet
  api=8 type=0 insize=5962 outsize=5826 kw=LIGHTMAP_OFF DIRLIGHTMAP_OFF DYNAMICLIGHTMAP_OFF HDR_LIGHT_PREPASS_OFF pd=UNITY_NO_SCREENSPACE_SHADOWS UNITY_NO_LINEAR_COLORSPACE ok=1
Cmd: compileSnippet
  api=1 type=0 insize=5962 outsize=707 kw=LIGHTMAP_OFF DIRLIGHTMAP_OFF DYNAMICLIGHTMAP_OFF UNITY_HDR_ON pd= ok=1
Cmd: compileSnippet
  api=4 type=0 insize=5962 outsize=4077 kw=LIGHTMAP_OFF DIRLIGHTMAP_OFF DYNAMICLIGHTMAP_OFF UNITY_HDR_ON pd= ok=1
Cmd: compileSnippet
  api=1 type=1 insize=5962 outsize=267 kw=LIGHTMAP_OFF DIRLIGHTMAP_OFF DYNAMICLIGHTMAP_OFF HDR_LIGHT_PREPASS_OFF pd= ok=1
Cmd: compileSnippet
  api=8 type=1 insize=5962 outsize=2039 kw=LIGHTMAP_OFF DIRLIGHTMAP_OFF DYNAMICLIGHTMAP_OFF HDR_LIGHT_PREPASS_OFF pd=UNITY_NO_SCREENSPACE_SHADOWS UNITY_NO_LINEAR_COLORSPACE ok=1
Cmd: compileSnippet
  api=8 type=1 insize=5962 outsize=1918 kw=LIGHTMAP_OFF DIRLIGHTMAP_OFF DYNAMICLIGHTMAP_OFF UNITY_HDR_ON pd=UNITY_NO_SCREENSPACE_SHADOWS UNITY_NO_LINEAR_COLORSPACE ok=1
Cmd: compileSnippet
  api=1 type=0 insize=5839 outsize=595 kw=LIGHTMAP_OFF DIRLIGHTMAP_OFF DYNAMICLIGHTMAP_OFF HDR_LIGHT_PREPASS_OFF pd= ok=1
Cmd: compileSnippet
  api=4 type=0 insize=5839 outsize=3801 kw=LIGHTMAP_OFF DIRLIGHTMAP_OFF DYNAMICLIGHTMAP_OFF HDR_LIGHT_PREPASS_OFF pd= ok=1
Cmd: compileSnippet
  api=8 type=0 insize=5839 outsize=5395 kw=LIGHTMAP_OFF DIRLIGHTMAP_OFF DYNAMICLIGHTMAP_OFF HDR_LIGHT_PREPASS_OFF pd=UNITY_NO_SCREENSPACE_SHADOWS UNITY_NO_LINEAR_COLORSPACE ok=1
Cmd: compileSnippet
  api=1 type=0 insize=5839 outsize=595 kw=LIGHTMAP_OFF DIRLIGHTMAP_OFF DYNAMICLIGHTMAP_OFF UNITY_HDR_ON pd= ok=1
Cmd: compileSnippet
  api=4 type=0 insize=5839 outsize=3801 kw=LIGHTMAP_OFF DIRLIGHTMAP_OFF DYNAMICLIGHTMAP_OFF UNITY_HDR_ON pd= ok=1
Cmd: compileSnippet
  api=8 type=0 insize=5839 outsize=5395 kw=LIGHTMAP_OFF DIRLIGHTMAP_OFF DYNAMICLIGHTMAP_OFF UNITY_HDR_ON pd=UNITY_NO_SCREENSPACE_SHADOWS UNITY_NO_LINEAR_COLORSPACE ok=1
Cmd: compileSnippet
  api=1 type=1 insize=5839 outsize=355 kw=LIGHTMAP_OFF DIRLIGHTMAP_OFF DYNAMICLIGHTMAP_OFF HDR_LIGHT_PREPASS_OFF pd= ok=1
Cmd: compileSnippet
  api=8 type=1 insize=5839 outsize=2356 kw=LIGHTMAP_OFF DIRLIGHTMAP_OFF DYNAMICLIGHTMAP_OFF HDR_LIGHT_PREPASS_OFF pd=UNITY_NO_SCREENSPACE_SHADOWS UNITY_NO_LINEAR_COLORSPACE ok=1
Cmd: compileSnippet
  api=8 type=1 insize=5839 outsize=2234 kw=LIGHTMAP_OFF DIRLIGHTMAP_OFF DYNAMICLIGHTMAP_OFF UNITY_HDR_ON pd=UNITY_NO_SCREENSPACE_SHADOWS UNITY_NO_LINEAR_COLORSPACE ok=1
Cmd: compileSnippet
  api=1 type=0 insize=1275 outsize=441 kw=POINT SHADOWS_OFF pd= ok=1
Cmd: compileSnippet
  api=4 type=0 insize=1275 outsize=1956 kw=POINT SHADOWS_OFF pd= ok=1
Cmd: compileSnippet
  api=0 type=0 insize=1275 outsize=2533 kw=DIRECTIONAL SHADOWS_OFF pd= ok=1
Cmd: compileSnippet
  api=1 type=0 insize=1275 outsize=441 kw=SPOT SHADOWS_OFF pd= ok=1
Cmd: compileSnippet
  api=4 type=0 insize=1275 outsize=1956 kw=SPOT SHADOWS_OFF pd= ok=1
Cmd: compileSnippet
  api=0 type=0 insize=1275 outsize=2975 kw=POINT_COOKIE SHADOWS_OFF pd= ok=1
Cmd: compileSnippet
  api=1 type=0 insize=1275 outsize=441 kw=DIRECTIONAL_COOKIE SHADOWS_OFF pd= ok=1
Cmd: compileSnippet
  api=4 type=0 insize=1275 outsize=1956 kw=DIRECTIONAL_COOKIE SHADOWS_OFF pd= ok=1
Cmd: compileSnippet
  api=0 type=0 insize=1275 outsize=3543 kw=SPOT SHADOWS_DEPTH SHADOWS_NATIVE pd= ok=1
Cmd: compileSnippet
  api=1 type=0 insize=1275 outsize=441 kw=DIRECTIONAL SHADOWS_SCREEN pd= ok=1
Cmd: compileSnippet
  api=4 type=0 insize=1275 outsize=1956 kw=DIRECTIONAL SHADOWS_SCREEN pd= ok=1
Cmd: compileSnippet
  api=0 type=0 insize=1275 outsize=3064 kw=DIRECTIONAL_COOKIE SHADOWS_SCREEN pd= ok=1
Cmd: compileSnippet
  api=1 type=0 insize=1275 outsize=441 kw=POINT SHADOWS_CUBE pd= ok=1
Cmd: compileSnippet
  api=4 type=0 insize=1275 outsize=1956 kw=POINT SHADOWS_CUBE pd= ok=1
Cmd: compileSnippet
  api=0 type=0 insize=1275 outsize=3486 kw=POINT_COOKIE SHADOWS_CUBE pd= ok=1
Cmd: compileSnippet
  api=1 type=0 insize=1275 outsize=441 kw=SPOT SHADOWS_DEPTH SHADOWS_SOFT SHADOWS_NATIVE pd= ok=1
Cmd: compileSnippet
  api=4 type=0 insize=1275 outsize=1956 kw=SPOT SHADOWS_DEPTH SHADOWS_SOFT SHADOWS_NATIVE pd= ok=1
Cmd: compileSnippet
  api=0 type=0 insize=1275 outsize=4193 kw=POINT SHADOWS_CUBE SHADOWS_SOFT pd= ok=1
Cmd: compileSnippet
  api=1 type=0 insize=1275 outsize=441 kw=POINT_COOKIE SHADOWS_CUBE SHADOWS_SOFT pd= ok=1
Cmd: compileSnippet
  api=4 type=0 insize=1275 outsize=1956 kw=POINT_COOKIE SHADOWS_CUBE SHADOWS_SOFT pd= ok=1
Cmd: compileSnippet
  api=1 type=1 insize=1275 outsize=1442 kw=POINT SHADOWS_OFF pd= ok=1
Cmd: compileSnippet
  api=0 type=1 insize=1275 outsize=6 kw=DIRECTIONAL SHADOWS_OFF pd= ok=1
Cmd: compileSnippet
  api=1 type=1 insize=1275 outsize=1230 kw=DIRECTIONAL SHADOWS_OFF pd= ok=1
Cmd: compileSnippet
  api=0 type=1 insize=1275 outsize=6 kw=SPOT SHADOWS_OFF pd= ok=1
Cmd: compileSnippet
  api=1 type=1 insize=1275 outsize=1599 kw=SPOT SHADOWS_OFF pd= ok=1
Cmd: compileSnippet
  api=0 type=1 insize=1275 outsize=6 kw=POINT_COOKIE SHADOWS_OFF pd= ok=1
Cmd: compileSnippet
  api=1 type=1 insize=1275 outsize=1555 kw=POINT_COOKIE SHADOWS_OFF pd= ok=1
Cmd: compileSnippet
  api=4 type=1 insize=1275 outsize=4995 kw=POINT_COOKIE SHADOWS_OFF pd= ok=1
Cmd: compileSnippet
  api=4 type=1 insize=1275 outsize=4532 kw=DIRECTIONAL_COOKIE SHADOWS_OFF pd= ok=1
Cmd: compileSnippet
  api=4 type=1 insize=1275 outsize=6059 kw=SPOT SHADOWS_DEPTH SHADOWS_NATIVE pd= ok=1
Cmd: compileSnippet
  api=0 type=1 insize=1275 outsize=6 kw=DIRECTIONAL_COOKIE SHADOWS_SCREEN pd= ok=1
Cmd: compileSnippet
  api=1 type=1 insize=1275 outsize=1451 kw=DIRECTIONAL_COOKIE SHADOWS_SCREEN pd= ok=1
Cmd: compileSnippet
  api=0 type=1 insize=1275 outsize=6 kw=POINT SHADOWS_CUBE pd= ok=1
Cmd: compileSnippet
  api=1 type=1 insize=1275 outsize=1616 kw=POINT SHADOWS_CUBE pd= ok=1
Cmd: compileSnippet
  api=4 type=1 insize=1275 outsize=5003 kw=POINT SHADOWS_CUBE pd= ok=1
Cmd: compileSnippet
  api=4 type=1 insize=1275 outsize=5515 kw=POINT_COOKIE SHADOWS_CUBE pd= ok=1
Cmd: compileSnippet
  api=4 type=1 insize=1275 outsize=6669 kw=SPOT SHADOWS_DEPTH SHADOWS_SOFT SHADOWS_NATIVE pd= ok=1
Cmd: compileSnippet
  api=4 type=1 insize=1275 outsize=5808 kw=POINT SHADOWS_CUBE SHADOWS_SOFT pd= ok=1
Cmd: compileSnippet
  api=1 type=0 insize=1268 outsize=441 kw=POINT SHADOWS_OFF pd= ok=1
Cmd: compileSnippet
  api=4 type=0 insize=1268 outsize=1956 kw=POINT SHADOWS_OFF pd= ok=1
Cmd: compileSnippet
  api=0 type=0 insize=1268 outsize=2524 kw=DIRECTIONAL SHADOWS_OFF pd= ok=1
Cmd: compileSnippet
  api=0 type=0 insize=1268 outsize=3054 kw=SPOT SHADOWS_OFF pd= ok=1
Cmd: compileSnippet
  api=1 type=0 insize=1268 outsize=441 kw=POINT_COOKIE SHADOWS_OFF pd= ok=1
Cmd: compileSnippet
  api=4 type=0 insize=1268 outsize=1956 kw=POINT_COOKIE SHADOWS_OFF pd= ok=1
Cmd: compileSnippet
  api=0 type=0 insize=1268 outsize=2776 kw=DIRECTIONAL_COOKIE SHADOWS_OFF pd= ok=1
Cmd: compileSnippet
  api=1 type=0 insize=1268 outsize=441 kw=SPOT SHADOWS_DEPTH SHADOWS_NATIVE pd= ok=1
Cmd: compileSnippet
  api=4 type=0 insize=1268 outsize=1956 kw=SPOT SHADOWS_DEPTH SHADOWS_NATIVE pd= ok=1
Cmd: compileSnippet
  api=0 type=0 insize=1268 outsize=2840 kw=DIRECTIONAL SHADOWS_SCREEN pd= ok=1
Cmd: compileSnippet
  api=1 type=0 insize=1268 outsize=441 kw=DIRECTIONAL_COOKIE SHADOWS_SCREEN pd= ok=1
Cmd: compileSnippet
  api=4 type=0 insize=1268 outsize=1956 kw=DIRECTIONAL_COOKIE SHADOWS_SCREEN pd= ok=1
Cmd: compileSnippet
  api=0 type=0 insize=1268 outsize=3257 kw=POINT SHADOWS_CUBE pd= ok=1
Cmd: compileSnippet
  api=0 type=0 insize=1268 outsize=3477 kw=POINT_COOKIE SHADOWS_CUBE pd= ok=1
Cmd: compileSnippet
  api=1 type=0 insize=1268 outsize=441 kw=SPOT SHADOWS_DEPTH SHADOWS_SOFT SHADOWS_NATIVE pd= ok=1
Cmd: compileSnippet
  api=4 type=0 insize=1268 outsize=1956 kw=SPOT SHADOWS_DEPTH SHADOWS_SOFT SHADOWS_NATIVE pd= ok=1
Cmd: compileSnippet
  api=1 type=0 insize=1268 outsize=441 kw=POINT SHADOWS_CUBE SHADOWS_SOFT pd= ok=1
Cmd: compileSnippet
  api=4 type=0 insize=1268 outsize=1956 kw=POINT SHADOWS_CUBE SHADOWS_SOFT pd= ok=1
Cmd: compileSnippet
  api=0 type=0 insize=1268 outsize=4404 kw=POINT_COOKIE SHADOWS_CUBE SHADOWS_SOFT pd= ok=1
Cmd: compileSnippet
  api=1 type=1 insize=1268 outsize=1363 kw=POINT SHADOWS_OFF pd= ok=1
Cmd: compileSnippet
  api=0 type=1 insize=1268 outsize=6 kw=DIRECTIONAL SHADOWS_OFF pd= ok=1
Cmd: compileSnippet
  api=1 type=1 insize=1268 outsize=1151 kw=DIRECTIONAL SHADOWS_OFF pd= ok=1
Cmd: compileSnippet
  api=0 type=1 insize=1268 outsize=6 kw=SPOT SHADOWS_OFF pd= ok=1
Cmd: compileSnippet
  api=1 type=1 insize=1268 outsize=1520 kw=SPOT SHADOWS_OFF pd= ok=1
Cmd: compileSnippet
  api=0 type=1 insize=1268 outsize=6 kw=POINT_COOKIE SHADOWS_OFF pd= ok=1
Cmd: compileSnippet
  api=1 type=1 insize=1268 outsize=1476 kw=POINT_COOKIE SHADOWS_OFF pd= ok=1
Cmd: compileSnippet
  api=0 type=1 insize=1268 outsize=6 kw=DIRECTIONAL_COOKIE SHADOWS_OFF pd= ok=1
Cmd: compileSnippet
  api=1 type=1 insize=1268 outsize=1323 kw=DIRECTIONAL_COOKIE SHADOWS_OFF pd= ok=1
Cmd: compileSnippet
  api=0 type=1 insize=1268 outsize=6 kw=SPOT SHADOWS_DEPTH SHADOWS_NATIVE pd= ok=1
Cmd: compileSnippet
  api=1 type=1 insize=1268 outsize=1698 kw=SPOT SHADOWS_DEPTH SHADOWS_NATIVE pd= ok=1
Cmd: compileSnippet
  api=0 type=1 insize=1268 outsize=6 kw=DIRECTIONAL SHADOWS_SCREEN pd= ok=1
Cmd: compileSnippet
  api=1 type=1 insize=1268 outsize=1250 kw=DIRECTIONAL SHADOWS_SCREEN pd= ok=1
Cmd: compileSnippet
  api=4 type=1 insize=1268 outsize=4207 kw=DIRECTIONAL SHADOWS_SCREEN pd= ok=1
Cmd: compileSnippet
  api=4 type=1 insize=1268 outsize=4816 kw=DIRECTIONAL_COOKIE SHADOWS_SCREEN pd= ok=1
Cmd: compileSnippet
  api=4 type=1 insize=1268 outsize=4954 kw=POINT SHADOWS_CUBE pd= ok=1
Cmd: compileSnippet
  api=0 type=1 insize=1268 outsize=6 kw=SPOT SHADOWS_DEPTH SHADOWS_SOFT SHADOWS_NATIVE pd= ok=1
Cmd: compileSnippet
  api=1 type=1 insize=1268 outsize=1962 kw=SPOT SHADOWS_DEPTH SHADOWS_SOFT SHADOWS_NATIVE pd= ok=1
Cmd: compileSnippet
  api=0 type=1 insize=1268 outsize=6 kw=POINT SHADOWS_CUBE SHADOWS_SOFT pd= ok=1
Cmd: compileSnippet
  api=1 type=1 insize=1268 outsize=1815 kw=POINT SHADOWS_CUBE SHADOWS_SOFT pd= ok=1
Cmd: compileSnippet
  api=0 type=1 insize=1268 outsize=6 kw=POINT_COOKIE SHADOWS_CUBE SHADOWS_SOFT pd= ok=1
Cmd: compileSnippet
  api=1 type=1 insize=1268 outsize=1938 kw=POINT_COOKIE SHADOWS_CUBE SHADOWS_SOFT pd= ok=1
Cmd: compileSnippet
  api=4 type=1 insize=1268 outsize=6238 kw=POINT_COOKIE SHADOWS_CUBE SHADOWS_SOFT pd= ok=1
Cmd: compileSnippet
  api=1 type=0 insize=1273 outsize=441 kw=POINT SHADOWS_OFF pd= ok=1
Cmd: compileSnippet
  api=4 type=0 insize=1273 outsize=1956 kw=POINT SHADOWS_OFF pd= ok=1
Cmd: compileSnippet
  api=0 type=0 insize=1273 outsize=2529 kw=DIRECTIONAL SHADOWS_OFF pd= ok=1
Cmd: compileSnippet
  api=1 type=0 insize=1273 outsize=441 kw=SPOT SHADOWS_OFF pd= ok=1
Cmd: compileSnippet
  api=4 type=0 insize=1273 outsize=1956 kw=SPOT SHADOWS_OFF pd= ok=1
Cmd: compileSnippet
  api=0 type=0 insize=1273 outsize=2971 kw=POINT_COOKIE SHADOWS_OFF pd= ok=1
Cmd: compileSnippet
  api=0 type=0 insize=1273 outsize=2781 kw=DIRECTIONAL_COOKIE SHADOWS_OFF pd= ok=1
Cmd: compileSnippet
  api=1 type=0 insize=1273 outsize=441 kw=SPOT SHADOWS_DEPTH SHADOWS_NATIVE pd= ok=1
Cmd: compileSnippet
  api=4 type=0 insize=1273 outsize=1956 kw=SPOT SHADOWS_DEPTH SHADOWS_NATIVE pd= ok=1
Cmd: compileSnippet
  api=0 type=0 insize=1273 outsize=2845 kw=DIRECTIONAL SHADOWS_SCREEN pd= ok=1
Cmd: compileSnippet
  api=1 type=0 insize=1273 outsize=441 kw=DIRECTIONAL_COOKIE SHADOWS_SCREEN pd= ok=1
Cmd: compileSnippet
  api=4 type=0 insize=1273 outsize=1956 kw=DIRECTIONAL_COOKIE SHADOWS_SCREEN pd= ok=1
Cmd: compileSnippet
  api=0 type=0 insize=1273 outsize=3262 kw=POINT SHADOWS_CUBE pd= ok=1
Cmd: compileSnippet
  api=1 type=0 insize=1273 outsize=441 kw=POINT_COOKIE SHADOWS_CUBE pd= ok=1
Cmd: compileSnippet
  api=4 type=0 insize=1273 outsize=1956 kw=POINT_COOKIE SHADOWS_CUBE pd= ok=1
Cmd: compileSnippet
  api=0 type=0 insize=1273 outsize=4074 kw=SPOT SHADOWS_DEPTH SHADOWS_SOFT SHADOWS_NATIVE pd= ok=1
Cmd: compileSnippet
  api=1 type=0 insize=1273 outsize=441 kw=POINT SHADOWS_CUBE SHADOWS_SOFT pd= ok=1
Cmd: compileSnippet
  api=4 type=0 insize=1273 outsize=1956 kw=POINT SHADOWS_CUBE SHADOWS_SOFT pd= ok=1
Cmd: compileSnippet
  api=0 type=0 insize=1273 outsize=4409 kw=POINT_COOKIE SHADOWS_CUBE SHADOWS_SOFT pd= ok=1
Cmd: compileSnippet
  api=1 type=1 insize=1273 outsize=1358 kw=POINT SHADOWS_OFF pd= ok=1
Cmd: compileSnippet
  api=1 type=1 insize=1273 outsize=1156 kw=DIRECTIONAL SHADOWS_OFF pd= ok=1
Cmd: compileSnippet
  api=0 type=1 insize=1273 outsize=6 kw=SPOT SHADOWS_OFF pd= ok=1
Cmd: compileSnippet
  api=1 type=1 insize=1273 outsize=1525 kw=SPOT SHADOWS_OFF pd= ok=1
Cmd: compileSnippet
  api=0 type=1 insize=1273 outsize=6 kw=POINT_COOKIE SHADOWS_OFF pd= ok=1
Cmd: compileSnippet
  api=1 type=1 insize=1273 outsize=1481 kw=POINT_COOKIE SHADOWS_OFF pd= ok=1
Cmd: compileSnippet
  api=0 type=1 insize=1273 outsize=6 kw=DIRECTIONAL_COOKIE SHADOWS_OFF pd= ok=1
Cmd: compileSnippet
  api=1 type=1 insize=1273 outsize=1318 kw=DIRECTIONAL_COOKIE SHADOWS_OFF pd= ok=1
Cmd: compileSnippet
  api=0 type=1 insize=1273 outsize=6 kw=SPOT SHADOWS_DEPTH SHADOWS_NATIVE pd= ok=1
Cmd: compileSnippet
  api=1 type=1 insize=1273 outsize=1703 kw=SPOT SHADOWS_DEPTH SHADOWS_NATIVE pd= ok=1
Cmd: compileSnippet
  api=0 type=1 insize=1273 outsize=6 kw=DIRECTIONAL SHADOWS_SCREEN pd= ok=1
Cmd: compileSnippet
  api=1 type=1 insize=1273 outsize=1255 kw=DIRECTIONAL SHADOWS_SCREEN pd= ok=1
Cmd: compileSnippet
  api=4 type=1 insize=1273 outsize=4207 kw=DIRECTIONAL SHADOWS_SCREEN pd= ok=1
Cmd: compileSnippet
  api=4 type=1 insize=1273 outsize=4816 kw=DIRECTIONAL_COOKIE SHADOWS_SCREEN pd= ok=1
Cmd: compileSnippet
  api=4 type=1 insize=1273 outsize=4954 kw=POINT SHADOWS_CUBE pd= ok=1
Cmd: compileSnippet
  api=0 type=1 insize=1273 outsize=6 kw=SPOT SHADOWS_DEPTH SHADOWS_SOFT SHADOWS_NATIVE pd= ok=1
Cmd: compileSnippet
  api=1 type=1 insize=1273 outsize=1967 kw=SPOT SHADOWS_DEPTH SHADOWS_SOFT SHADOWS_NATIVE pd= ok=1
Cmd: compileSnippet
  api=0 type=1 insize=1273 outsize=6 kw=POINT SHADOWS_CUBE SHADOWS_SOFT pd= ok=1
Cmd: compileSnippet
  api=1 type=1 insize=1273 outsize=1820 kw=POINT SHADOWS_CUBE SHADOWS_SOFT pd= ok=1
Cmd: compileSnippet
  api=4 type=1 insize=1273 outsize=5759 kw=POINT SHADOWS_CUBE SHADOWS_SOFT pd= ok=1
Cmd: compileSnippet
  api=4 type=1 insize=1273 outsize=6238 kw=POINT_COOKIE SHADOWS_CUBE SHADOWS_SOFT pd= ok=1
Cmd: compileSnippet
  api=1 type=0 insize=1934 outsize=441 kw=POINT SHADOWS_OFF pd= ok=1
Cmd: compileSnippet
  api=4 type=0 insize=1934 outsize=1956 kw=POINT SHADOWS_OFF pd= ok=1
Cmd: compileSnippet
  api=0 type=0 insize=1934 outsize=3591 kw=DIRECTIONAL SHADOWS_OFF pd= ok=1
Cmd: compileSnippet
  api=0 type=0 insize=1934 outsize=4184 kw=SPOT SHADOWS_OFF pd= ok=1
Cmd: compileSnippet
  api=1 type=0 insize=1934 outsize=441 kw=POINT_COOKIE SHADOWS_OFF pd= ok=1
Cmd: compileSnippet
  api=4 type=0 insize=1934 outsize=1956 kw=POINT_COOKIE SHADOWS_OFF pd= ok=1
Cmd: compileSnippet
  api=0 type=0 insize=1934 outsize=3860 kw=DIRECTIONAL_COOKIE SHADOWS_OFF pd= ok=1
Cmd: compileSnippet
  api=1 type=0 insize=1934 outsize=441 kw=SPOT SHADOWS_DEPTH SHADOWS_NATIVE pd= ok=1
Cmd: compileSnippet
  api=4 type=0 insize=1934 outsize=1956 kw=SPOT SHADOWS_DEPTH SHADOWS_NATIVE pd= ok=1
Cmd: compileSnippet
  api=1 type=0 insize=1934 outsize=441 kw=DIRECTIONAL SHADOWS_SCREEN pd= ok=1
Cmd: compileSnippet
  api=4 type=0 insize=1934 outsize=1956 kw=DIRECTIONAL SHADOWS_SCREEN pd= ok=1
Cmd: compileSnippet
  api=0 type=0 insize=1934 outsize=4364 kw=DIRECTIONAL_COOKIE SHADOWS_SCREEN pd= ok=1
Cmd: compileSnippet
  api=1 type=0 insize=1934 outsize=441 kw=POINT SHADOWS_CUBE pd= ok=1
Cmd: compileSnippet
  api=4 type=0 insize=1934 outsize=1956 kw=POINT SHADOWS_CUBE pd= ok=1
Cmd: compileSnippet
  api=0 type=0 insize=1934 outsize=4578 kw=POINT_COOKIE SHADOWS_CUBE pd= ok=1
Cmd: compileSnippet
  api=1 type=0 insize=1934 outsize=441 kw=SPOT SHADOWS_DEPTH SHADOWS_SOFT SHADOWS_NATIVE pd= ok=1
Cmd: compileSnippet
  api=4 type=0 insize=1934 outsize=1956 kw=SPOT SHADOWS_DEPTH SHADOWS_SOFT SHADOWS_NATIVE pd= ok=1
Cmd: compileSnippet
  api=0 type=0 insize=1934 outsize=5279 kw=POINT SHADOWS_CUBE SHADOWS_SOFT pd= ok=1
Cmd: compileSnippet
  api=1 type=0 insize=1934 outsize=441 kw=POINT_COOKIE SHADOWS_CUBE SHADOWS_SOFT pd= ok=1
Cmd: compileSnippet
  api=4 type=0 insize=1934 outsize=1956 kw=POINT_COOKIE SHADOWS_CUBE SHADOWS_SOFT pd= ok=1
Cmd: compileSnippet
  api=0 type=0 insize=1934 outsize=3842 kw=POINT SHADOWS_OFF UNITY_HDR_ON pd= ok=1
Cmd: compileSnippet
  api=1 type=0 insize=1934 outsize=441 kw=DIRECTIONAL SHADOWS_OFF UNITY_HDR_ON pd= ok=1
Cmd: compileSnippet
  api=4 type=0 insize=1934 outsize=1956 kw=DIRECTIONAL SHADOWS_OFF UNITY_HDR_ON pd= ok=1
Cmd: compileSnippet
  api=0 type=0 insize=1934 outsize=4175 kw=SPOT SHADOWS_OFF UNITY_HDR_ON pd= ok=1
Cmd: compileSnippet
  api=1 type=0 insize=1934 outsize=441 kw=POINT_COOKIE SHADOWS_OFF UNITY_HDR_ON pd= ok=1
Cmd: compileSnippet
  api=4 type=0 insize=1934 outsize=1956 kw=POINT_COOKIE SHADOWS_OFF UNITY_HDR_ON pd= ok=1
Cmd: compileSnippet
  api=0 type=0 insize=1934 outsize=3851 kw=DIRECTIONAL_COOKIE SHADOWS_OFF UNITY_HDR_ON pd= ok=1
Cmd: compileSnippet
  api=1 type=0 insize=1934 outsize=441 kw=SPOT SHADOWS_DEPTH SHADOWS_NATIVE UNITY_HDR_ON pd= ok=1
Cmd: compileSnippet
  api=4 type=0 insize=1934 outsize=1956 kw=SPOT SHADOWS_DEPTH SHADOWS_NATIVE UNITY_HDR_ON pd= ok=1
Cmd: compileSnippet
  api=0 type=0 insize=1934 outsize=4095 kw=DIRECTIONAL SHADOWS_SCREEN UNITY_HDR_ON pd= ok=1
Cmd: compileSnippet
  api=1 type=0 insize=1934 outsize=441 kw=DIRECTIONAL_COOKIE SHADOWS_SCREEN UNITY_HDR_ON pd= ok=1
Cmd: compileSnippet
  api=4 type=0 insize=1934 outsize=1956 kw=DIRECTIONAL_COOKIE SHADOWS_SCREEN UNITY_HDR_ON pd= ok=1
Cmd: compileSnippet
  api=0 type=0 insize=1934 outsize=4349 kw=POINT SHADOWS_CUBE UNITY_HDR_ON pd= ok=1
Cmd: compileSnippet
  api=1 type=0 insize=1934 outsize=441 kw=POINT_COOKIE SHADOWS_CUBE UNITY_HDR_ON pd= ok=1
Cmd: compileSnippet
  api=4 type=0 insize=1934 outsize=1956 kw=POINT_COOKIE SHADOWS_CUBE UNITY_HDR_ON pd= ok=1
Cmd: compileSnippet
  api=0 type=0 insize=1934 outsize=5370 kw=SPOT SHADOWS_DEPTH SHADOWS_SOFT SHADOWS_NATIVE UNITY_HDR_ON pd= ok=1
Cmd: compileSnippet
  api=1 type=0 insize=1934 outsize=441 kw=POINT SHADOWS_CUBE SHADOWS_SOFT UNITY_HDR_ON pd= ok=1
Cmd: compileSnippet
  api=4 type=0 insize=1934 outsize=1956 kw=POINT SHADOWS_CUBE SHADOWS_SOFT UNITY_HDR_ON pd= ok=1
Cmd: compileSnippet
  api=0 type=0 insize=1934 outsize=5490 kw=POINT_COOKIE SHADOWS_CUBE SHADOWS_SOFT UNITY_HDR_ON pd= ok=1
Cmd: compileSnippet
  api=1 type=1 insize=1934 outsize=2312 kw=POINT SHADOWS_OFF pd= ok=1
Cmd: compileSnippet
  api=4 type=1 insize=1934 outsize=6189 kw=DIRECTIONAL SHADOWS_OFF pd= ok=1
Cmd: compileSnippet
  api=0 type=1 insize=1934 outsize=6 kw=SPOT SHADOWS_OFF pd= ok=1
Cmd: compileSnippet
  api=1 type=1 insize=1934 outsize=2504 kw=SPOT SHADOWS_OFF pd= ok=1
Cmd: compileSnippet
  api=4 type=1 insize=1934 outsize=7116 kw=POINT_COOKIE SHADOWS_OFF pd= ok=1
Cmd: compileSnippet
  api=4 type=1 insize=1934 outsize=6604 kw=DIRECTIONAL_COOKIE SHADOWS_OFF pd= ok=1
Cmd: compileSnippet
  api=0 type=1 insize=1934 outsize=6 kw=SPOT SHADOWS_DEPTH SHADOWS_NATIVE pd= ok=1
Cmd: compileSnippet
  api=4 type=1 insize=1934 outsize=8538 kw=SPOT SHADOWS_DEPTH SHADOWS_NATIVE pd= ok=1
Cmd: compileSnippet
  api=4 type=1 insize=1934 outsize=6848 kw=DIRECTIONAL SHADOWS_SCREEN pd= ok=1
Cmd: compileSnippet
  api=4 type=1 insize=1934 outsize=7303 kw=DIRECTIONAL_COOKIE SHADOWS_SCREEN pd= ok=1
Cmd: compileSnippet
  api=4 type=1 insize=1934 outsize=7091 kw=POINT SHADOWS_CUBE pd= ok=1
Cmd: compileSnippet
  api=4 type=1 insize=1934 outsize=7636 kw=POINT_COOKIE SHADOWS_CUBE pd= ok=1
Cmd: compileSnippet
  api=4 type=1 insize=1934 outsize=9147 kw=SPOT SHADOWS_DEPTH SHADOWS_SOFT SHADOWS_NATIVE pd= ok=1
Cmd: compileSnippet
  api=4 type=1 insize=1934 outsize=7888 kw=POINT SHADOWS_CUBE SHADOWS_SOFT pd= ok=1
Cmd: compileSnippet
  api=4 type=1 insize=1934 outsize=8367 kw=POINT_COOKIE SHADOWS_CUBE SHADOWS_SOFT pd= ok=1
Cmd: compileSnippet
  api=4 type=1 insize=1934 outsize=6490 kw=POINT SHADOWS_OFF UNITY_HDR_ON pd= ok=1
Cmd: compileSnippet
  api=0 type=1 insize=1934 outsize=6 kw=DIRECTIONAL SHADOWS_OFF UNITY_HDR_ON pd= ok=1
Cmd: compileSnippet
  api=4 type=1 insize=1934 outsize=6141 kw=DIRECTIONAL SHADOWS_OFF UNITY_HDR_ON pd= ok=1
Cmd: compileSnippet
  api=0 type=1 insize=1934 outsize=6 kw=SPOT SHADOWS_OFF UNITY_HDR_ON pd= ok=1
Cmd: compileSnippet
  api=1 type=1 insize=1934 outsize=2443 kw=SPOT SHADOWS_OFF UNITY_HDR_ON pd= ok=1
Cmd: compileSnippet
  api=0 type=1 insize=1934 outsize=6 kw=POINT_COOKIE SHADOWS_OFF UNITY_HDR_ON pd= ok=1
Cmd: compileSnippet
  api=1 type=1 insize=1934 outsize=2424 kw=POINT_COOKIE SHADOWS_OFF UNITY_HDR_ON pd= ok=1
Cmd: compileSnippet
  api=4 type=1 insize=1934 outsize=6555 kw=DIRECTIONAL_COOKIE SHADOWS_OFF UNITY_HDR_ON pd= ok=1
Cmd: compileSnippet
  api=4 type=1 insize=1934 outsize=8489 kw=SPOT SHADOWS_DEPTH SHADOWS_NATIVE UNITY_HDR_ON pd= ok=1
Cmd: compileSnippet
  api=4 type=1 insize=1934 outsize=6799 kw=DIRECTIONAL SHADOWS_SCREEN UNITY_HDR_ON pd= ok=1
Cmd: compileSnippet
  api=4 type=1 insize=1934 outsize=7254 kw=DIRECTIONAL_COOKIE SHADOWS_SCREEN UNITY_HDR_ON pd= ok=1
Cmd: compileSnippet
  api=4 type=1 insize=1934 outsize=7043 kw=POINT SHADOWS_CUBE UNITY_HDR_ON pd= ok=1
Cmd: compileSnippet
  api=4 type=1 insize=1934 outsize=7587 kw=POINT_COOKIE SHADOWS_CUBE UNITY_HDR_ON pd= ok=1
Cmd: compileSnippet
  api=4 type=1 insize=1934 outsize=9098 kw=SPOT SHADOWS_DEPTH SHADOWS_SOFT SHADOWS_NATIVE UNITY_HDR_ON pd= ok=1
Cmd: compileSnippet
  api=4 type=1 insize=1934 outsize=7839 kw=POINT SHADOWS_CUBE SHADOWS_SOFT UNITY_HDR_ON pd= ok=1
Cmd: compileSnippet
  api=4 type=1 insize=1934 outsize=8318 kw=POINT_COOKIE SHADOWS_CUBE SHADOWS_SOFT UNITY_HDR_ON pd= ok=1
Cmd: compileSnippet
  api=1 type=0 insize=683 outsize=157 kw= pd= ok=1
Cmd: compileSnippet
  api=4 type=0 insize=683 outsize=1006 kw= pd= ok=1
Cmd: compileSnippet
  api=1 type=1 insize=683 outsize=142 kw= pd= ok=1
Cmd: compileSnippet
  api=1 type=0 insize=3264 outsize=441 kw= pd= ok=1
Cmd: compileSnippet
  api=4 type=0 insize=3264 outsize=1956 kw= pd= ok=1
Cmd: compileSnippet
  api=1 type=1 insize=3264 outsize=1811 kw= pd= ok=1
Cmd: compileSnippet
  api=1 type=0 insize=859 outsize=244 kw= pd= ok=1
Cmd: compileSnippet
  api=4 type=0 insize=859 outsize=1209 kw= pd= ok=1
Cmd: compileSnippet
  api=0 type=0 insize=859 outsize=718 kw=UNITY_HDR_ON pd= ok=1
Cmd: compileSnippet
  api=1 type=1 insize=859 outsize=155 kw= pd= ok=1
Cmd: compileSnippet
  api=0 type=1 insize=859 outsize=6 kw=UNITY_HDR_ON pd= ok=1
Cmd: compileSnippet
  api=1 type=1 insize=859 outsize=114 kw=UNITY_HDR_ON pd= ok=1
Cmd: compileSnippet
  api=1 type=0 insize=1420 outsize=252 kw= pd= ok=1
Cmd: compileSnippet
  api=4 type=0 insize=1420 outsize=1379 kw= pd= ok=1
Cmd: compileSnippet
  api=8 type=0 insize=1420 outsize=1934 kw= pd=UNITY_NO_SCREENSPACE_SHADOWS UNITY_NO_LINEAR_COLORSPACE ok=1
Cmd: compileSnippet
  api=1 type=1 insize=1420 outsize=396 kw= pd= ok=1
Cmd: compileSnippet
  api=8 type=1 insize=1420 outsize=2568 kw= pd=UNITY_NO_SCREENSPACE_SHADOWS UNITY_NO_LINEAR_COLORSPACE ok=1
Cmd: compileSnippet
  api=1 type=0 insize=6657 outsize=151 kw= pd= ok=1
Cmd: compileSnippet
  api=4 type=0 insize=6657 outsize=1071 kw= pd= ok=1
Cmd: compileSnippet
  api=1 type=1 insize=6657 outsize=9282 kw= pd= ok=1
Cmd: compileSnippet
  api=1 type=0 insize=6657 outsize=128 kw= pd= ok=1
Cmd: compileSnippet
  api=4 type=0 insize=6657 outsize=1071 kw= pd= ok=1
Cmd: compileSnippet
  api=8 type=0 insize=6657 outsize=1519 kw= pd=UNITY_NO_SCREENSPACE_SHADOWS UNITY_NO_LINEAR_COLORSPACE ok=1
Cmd: compileSnippet
  api=1 type=1 insize=6657 outsize=106 kw= pd= ok=1
Cmd: compileSnippet
  api=8 type=1 insize=6657 outsize=983 kw= pd=UNITY_NO_SCREENSPACE_SHADOWS UNITY_NO_LINEAR_COLORSPACE ok=1
Cmd: compileSnippet
  api=1 type=0 insize=701 outsize=151 kw= pd= ok=1
Cmd: compileSnippet
  api=4 type=0 insize=701 outsize=1071 kw= pd= ok=1
Cmd: compileSnippet
  api=1 type=1 insize=701 outsize=98 kw= pd= ok=1
Cmd: compileSnippet
  api=1 type=0 insize=701 outsize=128 kw= pd= ok=1
Cmd: compileSnippet
  api=4 type=0 insize=701 outsize=1071 kw= pd= ok=1
Cmd: compileSnippet
  api=8 type=0 insize=701 outsize=1519 kw= pd=UNITY_NO_SCREENSPACE_SHADOWS UNITY_NO_LINEAR_COLORSPACE ok=1
Cmd: compileSnippet
  api=1 type=1 insize=701 outsize=100 kw= pd= ok=1
Cmd: compileSnippet
  api=8 type=1 insize=701 outsize=983 kw= pd=UNITY_NO_SCREENSPACE_SHADOWS UNITY_NO_LINEAR_COLORSPACE ok=1
Cmd: compileSnippet
  api=1 type=0 insize=1032 outsize=159 kw= pd= ok=1
Cmd: compileSnippet
  api=4 type=0 insize=1032 outsize=1006 kw= pd= ok=1
Cmd: compileSnippet
  api=1 type=1 insize=1032 outsize=346 kw= pd= ok=1
Cmd: compileSnippet
  api=1 type=0 insize=1032 outsize=132 kw= pd= ok=1
Cmd: compileSnippet
  api=4 type=0 insize=1032 outsize=1006 kw= pd= ok=1
Cmd: compileSnippet
  api=8 type=0 insize=1032 outsize=1454 kw= pd=UNITY_NO_SCREENSPACE_SHADOWS UNITY_NO_LINEAR_COLORSPACE ok=1
Cmd: compileSnippet
  api=1 type=1 insize=1032 outsize=350 kw= pd= ok=1
Cmd: compileSnippet
  api=8 type=1 insize=1032 outsize=1861 kw= pd=UNITY_NO_SCREENSPACE_SHADOWS UNITY_NO_LINEAR_COLORSPACE ok=1
Unhandled exception: Readfile from pipe failed. GLE=The pipe has been ended.


Quitting shader compiler process
